<?xml version="1.0" encoding="utf-8"?><testsuites name="pytest tests"><testsuite name="pytest" errors="0" failures="0" skipped="1" tests="1050" time="75.520" timestamp="2026-09-24T17:22:12.423719-04:00" hostname="blrrr"><properties><property name="tested_sha" value="2cf1bb4b6bc39b2a372851a02ec50d96758a8788" /><property name="python_version" value="3.11.9" /></properties><testcase classname="stress-suite.tests.test_adjudicator" name="test_deterministic_same_inputs" time="0.057" /><testcase classname="stress-suite.tests.test_adjudicator" name="test_non_scalar_all_of_requires_every_channel" time="0.001" /><testcase classname="stress-suite.tests.test_adjudicator" name="test_unfrozen_contract_rejected" time="0.001" /><testcase classname="stress-suite.tests.test_adjudicator" name="test_unknown_grade_in_rule_fails_closed" time="0.001" /><testcase classname="stress-suite.tests.test_adjudicator" name="test_unknown_grade_in_observation_fails_closed" time="0.001" /><testcase classname="stress-suite.tests.test_adjudicator" name="test_persistence_window" time="0.001" /><testcase classname="stress-suite.tests.test_adjudicator" name="test_dependency_centrality_adds_rigour_not_immunity" time="0.001" /><testcase classname="stress-suite.tests.test_adjudicator" name="test_hysteresis_self_transition_skipped" time="0.001" /><testcase classname="stress-suite.tests.test_adjudicator" name="test_hold_when_blocks_transition" time="0.001" /><testcase classname="stress-suite.tests.test_adjudicator" name="test_patch_recurrence_and_signature_matching" time="0.001" /><testcase classname="stress-suite.tests.test_adjudicator" name="test_adjudicator_module_has_no_expected_or_ground_truth_tokens" time="0.001" /><testcase classname="stress-suite.tests.test_adjudicator" name="test_propose_is_pure" time="0.001" /><testcase classname="stress-suite.tests.test_authority_firewall" name="test_capability_does_not_escalate_authority" time="0.001" /><testcase classname="stress-suite.tests.test_authority_firewall" name="test_operator_preference_is_not_evidence" time="0.000" /><testcase classname="stress-suite.tests.test_authority_firewall" name="test_research_promotion_is_not_execution_authority" time="0.000" /><testcase classname="stress-suite.tests.test_authority_firewall" name="test_agent_confidence_not_confirmation" time="0.000" /><testcase classname="stress-suite.tests.test_authority_firewall" name="test_window_is_not_capital" time="0.000" /><testcase classname="stress-suite.tests.test_authority_firewall" name="test_worker_may_propose_not_self_ratify" time="0.000" /><testcase classname="stress-suite.tests.test_confluence.TestR1HonestInsufficientData" name="test_r1_table_reports_insufficient_data_honestly" time="0.014" /><testcase classname="stress-suite.tests.test_confluence.TestR1HonestInsufficientData" name="test_verify_confluence_on_existing_smoke_is_insufficient_data_not_verified" time="0.019" /><testcase classname="stress-suite.tests.test_confluence.TestR1HonestInsufficientData" name="test_select_workflow_via_R1_insufficient_data_does_not_fabricate" time="0.016" /><testcase classname="stress-suite.tests.test_confluence.TestPositiveConfluenceVerified" name="test_diamond_two_valid_converge_protected" time="0.004" /><testcase classname="stress-suite.tests.test_confluence.TestPositiveConfluenceVerified" name="test_seeded_control_positive_check_is_verified" time="0.002" /><testcase classname="stress-suite.tests.test_confluence.TestSeededFailureControl" name="test_seeded_failure_has_two_valid_divergent" time="0.001" /><testcase classname="stress-suite.tests.test_confluence.TestSeededFailureControl" name="test_seeded_failure_verdict_is_failure_with_counterexample" time="0.001" /><testcase classname="stress-suite.tests.test_confluence.TestSeededFailureControl" name="test_verify_confluence_reports_failure_via_synthetic_spec" time="0.003" /><testcase classname="stress-suite.tests.test_confluence.TestInvalidInputs" name="test_fixed_seq_reorder_raises_replay_input_error" time="0.001" /><testcase classname="stress-suite.tests.test_confluence.TestInvalidInputs" name="test_fixed_seq_reorder_also_flagged_in_verify" time="0.009" /><testcase classname="stress-suite.tests.test_confluence.TestInvalidInputs" name="test_prerequisite_violating_order_is_topology_denied_not_failure" time="0.003" /><testcase classname="stress-suite.tests.test_confluence.TestInvalidInputs" name="test_neither_error_becomes_verified" time="0.013" /><testcase classname="stress-suite.tests.test_confluence.TestReproducibility" name="test_enumerator_deterministic_and_hash_stable" time="0.001" /><testcase classname="stress-suite.tests.test_confluence.TestReproducibility" name="test_forensic_retained_distinct_from_protected" time="0.001" /><testcase classname="stress-suite.tests.test_confluence.TestReproducibility" name="test_protected_rederive_from_result_and_events" time="0.001" /><testcase classname="stress-suite.tests.test_confluence.TestReproducibility" name="test_counterexample_minimization_deterministic" time="0.001" /><testcase classname="stress-suite.tests.test_confluence.TestReproducibility" name="test_schedule_seq_hash_deterministic" time="0.001" /><testcase classname="stress-suite.tests.test_confluence.TestStatusVocabulary" name="test_confluence_failure_never_becomes_verified" time="0.003" /><testcase classname="stress-suite.tests.test_confluence.TestStatusVocabulary" name="test_inconclusive_never_becomes_verified" time="0.004" /><testcase classname="stress-suite.tests.test_confluence.TestStatusVocabulary" name="test_r1_no_valid_pair_gives_insufficient_data_not_verified" time="0.021" /><testcase classname="stress-suite.tests.test_confluence.TestClaimLedgerView" name="test_claim_ledger_view_is_read_only_and_typed" time="0.003" /><testcase classname="stress-suite.tests.test_confluence.TestClaimLedgerView" name="test_insufficient_data_ledger_not_promoted" time="0.005" /><testcase classname="stress-suite.tests.test_confluence.TestContractBinding" name="test_contract_hash_is_bindable" time="0.002" /><testcase classname="stress-suite.tests.test_confluence.TestContractBinding" name="test_dependency_digest_has_required_fields" time="0.035" /><testcase classname="stress-suite.tests.test_confluence.TestChecksOnValidSpec" name="test_idempotence_pass_on_valid_candidate" time="0.003" /><testcase classname="stress-suite.tests.test_confluence.TestChecksOnValidSpec" name="test_termination_always_pass_or_inconclusive" time="0.017" /><testcase classname="stress-suite.tests.test_epoch" name="test_roundtrip_preserves_all_fields" time="0.001" /><testcase classname="stress-suite.tests.test_epoch" name="test_fingerprint_stable_and_sensitive" time="0.001" /><testcase classname="stress-suite.tests.test_evalcontract" name="test_freeze_blocks_inplace_mutation" time="0.001" /><testcase classname="stress-suite.tests.test_evalcontract" name="test_unfrozen_contract_can_version" time="0.001" /><testcase classname="stress-suite.tests.test_evalcontract" name="test_frozen_governs_window_not_promoted" time="0.001" /><testcase classname="stress-suite.tests.test_evalcontract" name="test_visibility_policy_preserves_con03" time="0.000" /><testcase classname="stress-suite.tests.test_fixtures" name="test_decision_grade_seals_ground_truth" time="0.001" /><testcase classname="stress-suite.tests.test_fixtures" name="test_load_spec_roundtrip" time="0.001" /><testcase classname="stress-suite.tests.test_fixtures" name="test_build_seed_records" time="0.000" /><testcase classname="stress-suite.tests.test_fixtures" name="test_add_seed_record_returns_copy" time="0.000" /><testcase classname="stress-suite.tests.test_fixtures" name="test_malformed_spec_rejected" time="0.000" /><testcase classname="stress-suite.tests.test_forbidden_transitions" name="test_rule01_stable_to_new_stable" time="0.000" /><testcase classname="stress-suite.tests.test_forbidden_transitions" name="test_rule02_watch_to_architecture" time="0.000" /><testcase classname="stress-suite.tests.test_forbidden_transitions" name="test_rule03_window_to_capital" time="0.000" /><testcase classname="stress-suite.tests.test_forbidden_transitions" name="test_rule04_unresolved_to_ontology" time="0.000" /><testcase classname="stress-suite.tests.test_forbidden_transitions" name="test_rule05_confidence_not_confirmation" time="0.000" /><testcase classname="stress-suite.tests.test_forbidden_transitions" name="test_rule06_capability_not_authority" time="0.000" /><testcase classname="stress-suite.tests.test_forbidden_transitions" name="test_rule07_provenance_preserved" time="0.000" /><testcase classname="stress-suite.tests.test_forbidden_transitions" name="test_rule08_midwindow_contract_frozen" time="0.000" /><testcase classname="stress-suite.tests.test_forbidden_transitions" name="test_rule09_runtime_replacement_keeps_epoch" time="0.000" /><testcase classname="stress-suite.tests.test_forbidden_transitions" name="test_rule10_dormant_to_active" time="0.001" /><testcase classname="stress-suite.tests.test_g1r_evalcontract" name="test_frozen_contract_blocks_direct_channel_rule_mutation" time="0.001" /><testcase classname="stress-suite.tests.test_g1r_evalcontract" name="test_next_version_does_not_alias_channel_rules" time="0.001" /><testcase classname="stress-suite.tests.test_g1r_evalcontract" name="test_next_version_does_not_alias_hysteresis_rules" time="0.001" /><testcase classname="stress-suite.tests.test_g1r_evalcontract" name="test_next_version_does_not_alias_transition_list" time="0.001" /><testcase classname="stress-suite.tests.test_g1r_evalcontract" name="test_frozen_contract_fingerprint_stable_after_future_version_changes" time="0.001" /><testcase classname="stress-suite.tests.test_g1r_evalcontract" name="test_mutate_on_frozen_still_rejected" time="0.001" /><testcase classname="stress-suite.tests.test_g1r_hardening" name="test_phase_decision_to_dict_roundtrip" time="0.001" /><testcase classname="stress-suite.tests.test_g1r_hardening" name="test_illegal_same_state_transition_reported_forbidden" time="0.001" /><testcase classname="stress-suite.tests.test_g1r_hardening" name="test_legal_transition_reported_allowed" time="0.001" /><testcase classname="stress-suite.tests.test_g1r_hardening" name="test_illegal_transition_does_not_mutate_state" time="0.001" /><testcase classname="stress-suite.tests.test_g1r_hardening" name="test_illegal_transition_trace_preserves_attempt_and_reason" time="0.000" /><testcase classname="stress-suite.tests.test_g1r_hardening" name="test_capital_disabled_across_all_legal_phase_edges" time="0.002" /><testcase classname="stress-suite.tests.test_g1r_hardening" name="test_invalid_authority_no_ledger_mutation" time="0.000" /><testcase classname="stress-suite.tests.test_g1r_hardening" name="test_replay_cannot_bypass_watch_architecture_mutation_rule" time="0.001" /><testcase classname="stress-suite.tests.test_g1r_hardening" name="test_replay_cannot_bypass_capability_to_authority_rule" time="0.001" /><testcase classname="stress-suite.tests.test_g1r_hardening" name="test_replay_cannot_bypass_unresolved_to_ontology_rule" time="0.001" /><testcase classname="stress-suite.tests.test_g1r_hardening" name="test_replay_cannot_bypass_agent_confidence_confirmation_rule" time="0.001" /><testcase classname="stress-suite.tests.test_g1r_hardening" name="test_governed_executor_records_rule_id_on_rejection" time="0.001" /><testcase classname="stress-suite.tests.test_g1r_hardening" name="test_operator_preference_does_not_change_evidence_or_grants" time="0.001" /><testcase classname="stress-suite.tests.test_g1r_hardening" name="test_research_promotion_does_not_grant_execution_authority" time="0.001" /><testcase classname="stress-suite.tests.test_g1r_hardening" name="test_capability_improvement_does_not_change_grants" time="0.000" /><testcase classname="stress-suite.tests.test_g1r_hardening" name="test_profit_raise_does_not_change_validation_authority" time="0.000" /><testcase classname="stress-suite.tests.test_g1r_hardening" name="test_authority_initialization_can_seed_roles" time="0.000" /><testcase classname="stress-suite.tests.test_g1r_hardening" name="test_authority_worker_cannot_bypass_after_freeze" time="0.000" /><testcase classname="stress-suite.tests.test_g1r_hardening" name="test_authority_governed_ratification_remains_legal_after_freeze" time="0.000" /><testcase classname="stress-suite.tests.test_g1r_replay_contract" name="test_replay_uses_supplied_lifecycle_contract" time="0.001" /><testcase classname="stress-suite.tests.test_g1r_replay_contract" name="test_replay_custom_lifecycle_contract_changes_result" time="0.001" /><testcase classname="stress-suite.tests.test_g1r_replay_contract" name="test_replay_same_custom_contract_is_deterministic" time="0.001" /><testcase classname="stress-suite.tests.test_g1r_replay_contract" name="test_replay_rejects_phase_contract_version_mismatch" time="0.000" /><testcase classname="stress-suite.tests.test_g1r_replay_contract" name="test_replay_rejects_lifecycle_contract_version_mismatch" time="0.000" /><testcase classname="stress-suite.tests.test_g1r_replay_contract" name="test_replay_accepts_matching_contract_version" time="0.001" /><testcase classname="stress-suite.tests.test_g1r_replay_contract" name="test_replay_blank_contract_version_policy_is_explicit" time="0.001" /><testcase classname="stress-suite.tests.test_g1r_serialization_sweep" name="test_all_replay_objects_serialize_plainly" time="0.001" /><testcase classname="stress-suite.tests.test_g1r_serialization_sweep" name="test_all_replay_objects_deterministic_across_independent_builds" time="0.002" /><testcase classname="stress-suite.tests.test_g1r_serialization_sweep" name="test_provenance_retained_in_evidence_series" time="0.001" /><testcase classname="stress-suite.tests.test_g1r_serialization_sweep" name="test_contract_version_retained_on_decisions_and_transitions" time="0.001" /><testcase classname="stress-suite.tests.test_g1r_serialization_sweep" name="test_no_live_timestamp_embedded" time="0.001" /><testcase classname="stress-suite.tests.test_g2_scenarios" name="test_scenario_follows_expected_trace_from_evidence[S01]" time="0.004" /><testcase classname="stress-suite.tests.test_g2_scenarios" name="test_scenario_follows_expected_trace_from_evidence[S02]" time="0.003" /><testcase classname="stress-suite.tests.test_g2_scenarios" name="test_scenario_follows_expected_trace_from_evidence[S03]" time="0.004" /><testcase classname="stress-suite.tests.test_g2_scenarios" name="test_scenario_follows_expected_trace_from_evidence[S04]" time="0.003" /><testcase classname="stress-suite.tests.test_g2_scenarios" name="test_scenario_follows_expected_trace_from_evidence[S05]" time="0.003" /><testcase classname="stress-suite.tests.test_g2_scenarios" name="test_scenario_follows_expected_trace_from_evidence[S01_WEAK]" time="0.002" /><testcase classname="stress-suite.tests.test_g2_scenarios" name="test_no_forbidden_attempts_in_clean_scenarios[S01]" time="0.004" /><testcase classname="stress-suite.tests.test_g2_scenarios" name="test_no_forbidden_attempts_in_clean_scenarios[S02]" time="0.003" /><testcase classname="stress-suite.tests.test_g2_scenarios" name="test_no_forbidden_attempts_in_clean_scenarios[S03]" time="0.004" /><testcase classname="stress-suite.tests.test_g2_scenarios" name="test_no_forbidden_attempts_in_clean_scenarios[S04]" time="0.002" /><testcase classname="stress-suite.tests.test_g2_scenarios" name="test_no_forbidden_attempts_in_clean_scenarios[S05]" time="0.003" /><testcase classname="stress-suite.tests.test_g2_scenarios" name="test_no_forbidden_attempts_in_clean_scenarios[S01_WEAK]" time="0.002" /><testcase classname="stress-suite.tests.test_g2_scenarios" name="test_scenario_json_contains_no_expected_fields[S01]" time="0.001" /><testcase classname="stress-suite.tests.test_g2_scenarios" name="test_scenario_json_contains_no_expected_fields[S02]" time="0.001" /><testcase classname="stress-suite.tests.test_g2_scenarios" name="test_scenario_json_contains_no_expected_fields[S03]" time="0.001" /><testcase classname="stress-suite.tests.test_g2_scenarios" name="test_scenario_json_contains_no_expected_fields[S04]" time="0.001" /><testcase classname="stress-suite.tests.test_g2_scenarios" name="test_scenario_json_contains_no_expected_fields[S05]" time="0.001" /><testcase classname="stress-suite.tests.test_g2_scenarios" name="test_scenario_json_contains_no_expected_fields[S01_WEAK]" time="0.001" /><testcase classname="stress-suite.tests.test_g2_scenarios" name="test_stimulus_stream_has_no_scripted_phase_events[S01]" time="0.001" /><testcase classname="stress-suite.tests.test_g2_scenarios" name="test_stimulus_stream_has_no_scripted_phase_events[S02]" time="0.001" /><testcase classname="stress-suite.tests.test_g2_scenarios" name="test_stimulus_stream_has_no_scripted_phase_events[S03]" time="0.001" /><testcase classname="stress-suite.tests.test_g2_scenarios" name="test_stimulus_stream_has_no_scripted_phase_events[S04]" time="0.001" /><testcase classname="stress-suite.tests.test_g2_scenarios" name="test_stimulus_stream_has_no_scripted_phase_events[S05]" time="0.001" /><testcase classname="stress-suite.tests.test_g2_scenarios" name="test_stimulus_stream_has_no_scripted_phase_events[S01_WEAK]" time="0.001" /><testcase classname="stress-suite.tests.test_g2_scenarios" name="test_expected_trace_sealed_metamorphic[S01]" time="0.008" /><testcase classname="stress-suite.tests.test_g2_scenarios" name="test_expected_trace_sealed_metamorphic[S02]" time="0.004" /><testcase classname="stress-suite.tests.test_g2_scenarios" name="test_expected_trace_sealed_metamorphic[S03]" time="0.009" /><testcase classname="stress-suite.tests.test_g2_scenarios" name="test_expected_trace_sealed_metamorphic[S04]" time="0.005" /><testcase classname="stress-suite.tests.test_g2_scenarios" name="test_expected_trace_sealed_metamorphic[S05]" time="0.006" /><testcase classname="stress-suite.tests.test_g2_scenarios" name="test_hidden_ground_truth_sealed_metamorphic" time="0.009" /><testcase classname="stress-suite.tests.test_g2_scenarios" name="test_evaluation_contract_frozen_and_recorded_before_first_decision" time="0.004" /><testcase classname="stress-suite.tests.test_g2_scenarios" name="test_evidence_refs_recorded_for_every_material_transition" time="0.004" /><testcase classname="stress-suite.tests.test_g2_scenarios" name="test_committed_run_receipts_match_a_fresh_run" time="0.018" /><testcase classname="stress-suite.tests.test_g2_scenarios" name="test_runs_are_deterministic" time="0.027" /><testcase classname="stress-suite.tests.test_g2_scenarios" name="test_s01_old_mechanism_retained_not_deleted" time="0.004" /><testcase classname="stress-suite.tests.test_g2_scenarios" name="test_s02_failed_claim_is_demoted_with_reopen_conditions" time="0.003" /><testcase classname="stress-suite.tests.test_g2_scenarios" name="test_s02_bad_dataset_and_anomaly_not_erased" time="0.003" /><testcase classname="stress-suite.tests.test_g2_scenarios" name="test_s03_s04_no_knowledge_mutation" time="0.005" /><testcase classname="stress-suite.tests.test_g2_scenarios" name="test_s05_plural_knowledge_preserved_while_phase_stable" time="0.003" /><testcase classname="stress-suite.tests.test_g2_scenarios" name="test_s01_vs_s02_persistent_structural_vs_false_novelty" time="0.007" /><testcase classname="stress-suite.tests.test_g2_scenarios" name="test_s03_vs_s04_repeated_shared_signature_escalates_leaf_stays_local" time="0.005" /><testcase classname="stress-suite.tests.test_g2_scenarios" name="test_s01_weak_variant_no_transformation_despite_core_centrality" time="0.003" /><testcase classname="stress-suite.tests.test_g2_scenarios" name="test_s01_vs_s05_both_transform_but_outcomes_differ" time="0.007" /><testcase classname="stress-suite.tests.test_g2p0" name="test_worker_phase_spoof_rejected" time="0.001" /><testcase classname="stress-suite.tests.test_g2p0" name="test_unknown_actor_phase_rejected" time="0.001" /><testcase classname="stress-suite.tests.test_g2p0" name="test_phase_claim_omitted_derives_registered_level" time="0.001" /><testcase classname="stress-suite.tests.test_g2p0" name="test_worker_lifecycle_spoof_rejected" time="0.001" /><testcase classname="stress-suite.tests.test_g2p0" name="test_unknown_actor_lifecycle_rejected" time="0.001" /><testcase classname="stress-suite.tests.test_g2p0" name="test_worker_cannot_spoof_operator_ratifier" time="0.001" /><testcase classname="stress-suite.tests.test_g2p0" name="test_operator_actor_can_ratify_with_valid_grant" time="0.001" /><testcase classname="stress-suite.tests.test_g2p0" name="test_ratify_without_prior_proposal_fails_closed" time="0.001" /><testcase classname="stress-suite.tests.test_g2p0" name="test_non_operator_cannot_ratify_broker_grant" time="0.001" /><testcase classname="stress-suite.tests.test_g2p0" name="test_mismatched_actor_ratifier_fails_closed" time="0.001" /><testcase classname="stress-suite.tests.test_g2p0" name="test_seed_level_rejects_unknown_levels[SUPREME_OVERLORD]" time="0.001" /><testcase classname="stress-suite.tests.test_g2p0" name="test_seed_level_rejects_unknown_levels[GOD]" time="0.001" /><testcase classname="stress-suite.tests.test_g2p0" name="test_seed_level_rejects_unknown_levels[admin]" time="0.001" /><testcase classname="stress-suite.tests.test_g2p0" name="test_seed_level_rejects_unknown_levels[]" time="0.001" /><testcase classname="stress-suite.tests.test_g2p0" name="test_seed_level_accepts_canonical_levels" time="0.000" /><testcase classname="stress-suite.tests.test_g2p0" name="test_unknown_risk_class_rejected_at_construction" time="0.000" /><testcase classname="stress-suite.tests.test_g2p0" name="test_unknown_risk_class_fails_closed_in_governed_request" time="0.001" /><testcase classname="stress-suite.tests.test_g2p0" name="test_canonical_risk_classes_are_accepted" time="0.000" /><testcase classname="stress-suite.tests.test_g2p0" name="test_governed_executor_rejects_unregistered_actor_before_mutation" time="0.001" /><testcase classname="stress-suite.tests.test_g2r_contract_wiring" name="test_contract_admissible_transition_enforced" time="0.001" /><testcase classname="stress-suite.tests.test_g2r_contract_wiring" name="test_m5_legal_but_contract_forbidden_transition_rejected" time="0.001" /><testcase classname="stress-suite.tests.test_g2r_contract_wiring" name="test_hysteresis_field_changes_behavior_when_semantically_defined" time="0.002" /><testcase classname="stress-suite.tests.test_g2r_contract_wiring" name="test_frozen_unused_semantic_field_is_not_allowed" time="0.001" /><testcase classname="stress-suite.tests.test_g2r_contract_wiring" name="test_frozen_unknown_hysteresis_family_rejected" time="0.001" /><testcase classname="stress-suite.tests.test_g2r_contract_wiring" name="test_recovery_requires_independent_exit_predicate" time="0.001" /><testcase classname="stress-suite.tests.test_g2r_contract_wiring" name="test_transformation_not_weaker_than_escalation" time="0.001" /><testcase classname="stress-suite.tests.test_g2r_contract_wiring" name="test_admissible_list_uses_frozen_pairs_and_never_mutates" time="0.001" /><testcase classname="stress-suite.tests.test_g2r_evidence_registry" name="test_known_evidence_ref_resolves" time="0.001" /><testcase classname="stress-suite.tests.test_g2r_evidence_registry" name="test_unknown_evidence_ref_rejected" time="0.001" /><testcase classname="stress-suite.tests.test_g2r_evidence_registry" name="test_duplicate_conflicting_evidence_id_rejected" time="0.001" /><testcase classname="stress-suite.tests.test_g2r_evidence_registry" name="test_duplicate_identical_evidence_id_tolerated" time="0.001" /><testcase classname="stress-suite.tests.test_g2r_evidence_registry" name="test_phase_transition_cannot_cite_phantom_evidence" time="0.001" /><testcase classname="stress-suite.tests.test_g2r_evidence_registry" name="test_institutional_action_cannot_cite_phantom_evidence" time="0.001" /><testcase classname="stress-suite.tests.test_g2r_evidence_registry" name="test_evidence_refs_survive_transitions_in_audit" time="0.001" /><testcase classname="stress-suite.tests.test_g2r_explain_side_effects" name="test_explain_transition_full_linkage_record" time="0.004" /><testcase classname="stress-suite.tests.test_g2r_explain_side_effects" name="test_explain_transition_unknown_seq_sentinel" time="0.004" /><testcase classname="stress-suite.tests.test_g2r_explain_side_effects" name="test_every_applied_transition_satisfies_linkage_invariants" time="0.017" /><testcase classname="stress-suite.tests.test_g2r_explain_side_effects" name="test_scripted_lifecycle_actions_labeled_fixture_side_effect" time="0.008" /><testcase classname="stress-suite.tests.test_g2r_explain_side_effects" name="test_side_effect_label_survives_deterministic_rerun" time="0.007" /><testcase classname="stress-suite.tests.test_g2r_lineage_patch" name="test_collapse_lineages_kills_independent_confirmation" time="0.003" /><testcase classname="stress-suite.tests.test_g2r_lineage_patch" name="test_s01_patch_pressure_is_not_an_independent_confirmation_claim" time="0.003" /><testcase classname="stress-suite.tests.test_g2r_lineage_patch" name="test_registry_lineage_summary_distinguishes_one_vs_many" time="0.001" /><testcase classname="stress-suite.tests.test_g2r_lineage_patch" name="test_registry_lineage_ignores_claim_when_evidence_disagrees" time="0.001" /><testcase classname="stress-suite.tests.test_g2r_lineage_patch" name="test_caller_lied_about_recurrence_derived_recurrence_wins" time="0.001" /><testcase classname="stress-suite.tests.test_g2r_lineage_patch" name="test_derived_recurrence_drives_structural_threshold" time="0.001" /><testcase classname="stress-suite.tests.test_g2r_lineage_patch" name="test_unrelated_signatures_do_not_aggregate" time="0.001" /><testcase classname="stress-suite.tests.test_g2r_lineage_patch" name="test_s03_unrelated_signature_never_aggregates_in_pack" time="0.004" /><testcase classname="stress-suite.tests.test_g2r_role_action_operator" name="test_worker_with_real_worker_level_cannot_drive_phase" time="0.001" /><testcase classname="stress-suite.tests.test_g2r_role_action_operator" name="test_po_with_real_po_level_cannot_drive_phase_directly" time="0.001" /><testcase classname="stress-suite.tests.test_g2r_role_action_operator" name="test_governor_can_drive_permitted_phase" time="0.001" /><testcase classname="stress-suite.tests.test_g2r_role_action_operator" name="test_unknown_actor_still_fails" time="0.001" /><testcase classname="stress-suite.tests.test_g2r_role_action_operator" name="test_worker_can_produce_evidence_without_phase_authority" time="0.001" /><testcase classname="stress-suite.tests.test_g2r_role_action_operator" name="test_seeded_sentinel_with_governor_level_is_gov_path" time="0.001" /><testcase classname="stress-suite.tests.test_g2r_role_action_operator" name="test_governor_cannot_apply_operator_required_transition_without_operator_authorization" time="0.000" /><testcase classname="stress-suite.tests.test_g2r_role_action_operator" name="test_operator_authorization_allows_only_the_governed_action" time="0.001" /><testcase classname="stress-suite.tests.test_g2r_role_action_operator" name="test_operator_authorization_does_not_change_evidence" time="0.001" /><testcase classname="stress-suite.tests.test_g2r_role_action_operator" name="test_operator_required_failure_leaves_phase_safe" time="0.001" /><testcase classname="stress-suite.tests.test_g2r_role_action_operator" name="test_non_operator_cannot_issue_operator_authorization" time="0.000" /><testcase classname="stress-suite.tests.test_g2r_shared_policy" name="test_scenarios_pass_under_the_single_core_policy[S01]" time="0.004" /><testcase classname="stress-suite.tests.test_g2r_shared_policy" name="test_scenarios_pass_under_the_single_core_policy[S02]" time="0.003" /><testcase classname="stress-suite.tests.test_g2r_shared_policy" name="test_scenarios_pass_under_the_single_core_policy[S03]" time="0.004" /><testcase classname="stress-suite.tests.test_g2r_shared_policy" name="test_scenarios_pass_under_the_single_core_policy[S04]" time="0.003" /><testcase classname="stress-suite.tests.test_g2r_shared_policy" name="test_scenarios_pass_under_the_single_core_policy[S05]" time="0.004" /><testcase classname="stress-suite.tests.test_g2r_shared_policy" name="test_scenarios_pass_under_the_single_core_policy[S01_WEAK]" time="0.003" /><testcase classname="stress-suite.tests.test_g2r_shared_policy" name="test_shared_policy_file_has_no_scenario_literals" time="0.001" /><testcase classname="stress-suite.tests.test_g2r_shared_policy" name="test_shared_policy_rules_contain_no_literal_predicates" time="0.001" /><testcase classname="stress-suite.tests.test_g2r_shared_policy" name="test_no_primary_pass_depends_on_archived_per_scenario_policies" time="0.001" /><testcase classname="stress-suite.tests.test_g2r_shared_policy" name="test_archived_policies_preserved_for_forensics" time="0.001" /><testcase classname="stress-suite.tests.test_g2r_shared_policy" name="test_rename_scenario_preserves_behavior_fingerprint" time="0.007" /><testcase classname="stress-suite.tests.test_g2r_shared_policy" name="test_all_packs_share_the_same_policy_object_semantics" time="0.001" /><testcase classname="stress-suite.tests.test_g2x_audit" name="test_cross_contract_run[S01-S01]" time="0.001" /><testcase classname="stress-suite.tests.test_g2x_audit" name="test_cross_contract_run[S01-S02]" time="0.005" /><testcase classname="stress-suite.tests.test_g2x_audit" name="test_cross_contract_run[S01-S03]" time="0.006" /><testcase classname="stress-suite.tests.test_g2x_audit" name="test_cross_contract_run[S01-S04]" time="0.004" /><testcase classname="stress-suite.tests.test_g2x_audit" name="test_cross_contract_run[S01-S05]" time="0.006" /><testcase classname="stress-suite.tests.test_g2x_audit" name="test_cross_contract_run[S02-S01]" time="0.007" /><testcase classname="stress-suite.tests.test_g2x_audit" name="test_cross_contract_run[S02-S02]" time="0.001" /><testcase classname="stress-suite.tests.test_g2x_audit" name="test_cross_contract_run[S02-S03]" time="0.006" /><testcase classname="stress-suite.tests.test_g2x_audit" name="test_cross_contract_run[S02-S04]" time="0.003" /><testcase classname="stress-suite.tests.test_g2x_audit" name="test_cross_contract_run[S02-S05]" time="0.005" /><testcase classname="stress-suite.tests.test_g2x_audit" name="test_cross_contract_run[S03-S01]" time="0.006" /><testcase classname="stress-suite.tests.test_g2x_audit" name="test_cross_contract_run[S03-S02]" time="0.004" /><testcase classname="stress-suite.tests.test_g2x_audit" name="test_cross_contract_run[S03-S03]" time="0.001" /><testcase classname="stress-suite.tests.test_g2x_audit" name="test_cross_contract_run[S03-S04]" time="0.008" /><testcase classname="stress-suite.tests.test_g2x_audit" name="test_cross_contract_run[S03-S05]" time="0.010" /><testcase classname="stress-suite.tests.test_g2x_audit" name="test_cross_contract_run[S04-S01]" time="0.012" /><testcase classname="stress-suite.tests.test_g2x_audit" name="test_cross_contract_run[S04-S02]" time="0.005" /><testcase classname="stress-suite.tests.test_g2x_audit" name="test_cross_contract_run[S04-S03]" time="0.007" /><testcase classname="stress-suite.tests.test_g2x_audit" name="test_cross_contract_run[S04-S04]" time="0.001" /><testcase classname="stress-suite.tests.test_g2x_audit" name="test_cross_contract_run[S04-S05]" time="0.005" /><testcase classname="stress-suite.tests.test_g2x_audit" name="test_cross_contract_run[S05-S01]" time="0.007" /><testcase classname="stress-suite.tests.test_g2x_audit" name="test_cross_contract_run[S05-S02]" time="0.004" /><testcase classname="stress-suite.tests.test_g2x_audit" name="test_cross_contract_run[S05-S03]" time="0.006" /><testcase classname="stress-suite.tests.test_g2x_audit" name="test_cross_contract_run[S05-S04]" time="0.003" /><testcase classname="stress-suite.tests.test_g2x_audit" name="test_cross_contract_run[S05-S05]" time="0.001" /><testcase classname="stress-suite.tests.test_g2x_audit" name="test_audit_covers_all_pairs" time="0.000" /><testcase classname="stress-suite.tests.test_g2x_audit" name="test_s03_under_s04_contract_diverges_honestly" time="0.007" /><testcase classname="stress-suite.tests.test_g2x_audit" name="test_s02_under_s01_contract_diverges_on_admissibility" time="0.004" /><testcase classname="stress-suite.tests.test_g3_cross_scenario" name="test_s06_and_s09_both_have_strong_consensus" time="0.005" /><testcase classname="stress-suite.tests.test_g3_cross_scenario" name="test_s06_vs_s09_distinguished_by_provenance_not_consensus" time="0.006" /><testcase classname="stress-suite.tests.test_g3_cross_scenario" name="test_s06_vs_s09_behavior_fingerprints_differ" time="0.005" /><testcase classname="stress-suite.tests.test_g3_cross_scenario" name="test_s06_vs_s07_raw_quality_is_not_evidence_quality" time="0.002" /><testcase classname="stress-suite.tests.test_g3_cross_scenario" name="test_s08_vs_s09_friction_is_not_permanent_contrarianism" time="0.004" /><testcase classname="stress-suite.tests.test_g3_cross_scenario" name="test_swap_same_model_different_sources_does_not_confirm" time="0.002" /><testcase classname="stress-suite.tests.test_g3_cross_scenario" name="test_swap_different_model_same_source_does_not_confirm" time="0.002" /><testcase classname="stress-suite.tests.test_g3_cross_scenario" name="test_swap_different_model_and_sources_but_shared_exposure_fails" time="0.002" /><testcase classname="stress-suite.tests.test_g3_cross_scenario" name="test_swap_different_everything_fresh_passes" time="0.002" /><testcase classname="stress-suite.tests.test_g3_cross_scenario" name="test_swap_same_everything_blind_context_still_fails" time="0.002" /><testcase classname="stress-suite.tests.test_g3_cross_scenario" name="test_swap_same_sources_independent_design_still_fails" time="0.002" /><testcase classname="stress-suite.tests.test_g3_cross_scenario" name="test_swap_allocator_alone_does_not_change_sufficiency" time="0.003" /><testcase classname="stress-suite.tests.test_g3_cross_scenario" name="test_allocation_provenance_visible_in_artifacts" time="0.003" /><testcase classname="stress-suite.tests.test_g3_cross_scenario" name="test_allocator_cannot_convert_allocation_into_evidence_strength" time="0.002" /><testcase classname="stress-suite.tests.test_g3_cross_scenario" name="test_reviewer_lying_about_lineage_registry_truth_wins" time="0.000" /><testcase classname="stress-suite.tests.test_g3_cross_scenario" name="test_hidden_ground_truth_flip_does_not_alter_actions" time="0.004" /><testcase classname="stress-suite.tests.test_g3_cross_scenario" name="test_wrong_expected_disposition_does_not_alter_actions" time="0.003" /><testcase classname="stress-suite.tests.test_g3_cross_scenario" name="test_scenario_rename_preserves_behavior_fingerprint_all_scenarios" time="0.013" /><testcase classname="stress-suite.tests.test_g3_cross_scenario" name="test_shared_policy_has_no_scenario_literals" time="0.001" /><testcase classname="stress-suite.tests.test_g3_cross_scenario" name="test_shared_policy_condition_fields_are_generic_only" time="0.001" /><testcase classname="stress-suite.tests.test_g3_cross_scenario" name="test_all_four_scenarios_run_under_the_same_policy_object" time="0.008" /><testcase classname="stress-suite.tests.test_g3_cross_scenario" name="test_health_record_is_a_vector_not_a_scalar" time="0.004" /><testcase classname="stress-suite.tests.test_g3_receipts" name="test_committed_g3_receipt_matches_fresh_run[S06]" time="0.003" /><testcase classname="stress-suite.tests.test_g3_receipts" name="test_committed_g3_receipt_matches_fresh_run[S07]" time="0.002" /><testcase classname="stress-suite.tests.test_g3_receipts" name="test_committed_g3_receipt_matches_fresh_run[S08]" time="0.002" /><testcase classname="stress-suite.tests.test_g3_receipts" name="test_committed_g3_receipt_matches_fresh_run[S09]" time="0.003" /><testcase classname="stress-suite.tests.test_g3_receipts" name="test_all_g3_receipts_pass_and_are_deterministic" time="0.014" /><testcase classname="stress-suite.tests.test_g3_receipts" name="test_g3_receipt_uses_non_self_referential_sha_semantics" time="0.001" /><testcase classname="stress-suite.tests.test_g3_s06" name="test_ten_same_lineage_votes_are_ten_raw_votes_one_correlated_topology" time="0.004" /><testcase classname="stress-suite.tests.test_g3_s06" name="test_high_consequence_refuses_promotion_under_monoculture" time="0.003" /><testcase classname="stress-suite.tests.test_g3_s06" name="test_independent_path_is_requested_but_not_fabricated" time="0.004" /><testcase classname="stress-suite.tests.test_g3_s06" name="test_prior_conclusion_exposure_remains_visible" time="0.003" /><testcase classname="stress-suite.tests.test_g3_s06" name="test_100_duplicates_do_not_become_100_independent_confirmations" time="0.133" /><testcase classname="stress-suite.tests.test_g3_s06" name="test_reviewer_renaming_changes_no_behavior" time="0.005" /><testcase classname="stress-suite.tests.test_g3_s06" name="test_same_conclusion_diversified_paths_changes_independence_profile" time="0.002" /><testcase classname="stress-suite.tests.test_g3_s06" name="test_model_name_change_with_shared_runtime_lineage_gives_no_false_independence" time="0.003" /><testcase classname="stress-suite.tests.test_g3_s06" name="test_raw_consensus_retained_not_discarded" time="0.003" /><testcase classname="stress-suite.tests.test_g3_s07" name="test_high_consequence_routes_to_differentiated_topology" time="0.002" /><testcase classname="stress-suite.tests.test_g3_s07" name="test_high_consequence_route_meets_independence_constraints" time="0.002" /><testcase classname="stress-suite.tests.test_g3_s07" name="test_low_consequence_may_select_cheaper_correlated_path" time="0.003" /><testcase classname="stress-suite.tests.test_g3_s07" name="test_independence_is_a_constraint_not_universal_maximization" time="0.002" /><testcase classname="stress-suite.tests.test_g3_s07" name="test_insufficient_capability_diverse_agents_cannot_pass_merely_because_diverse" time="0.001" /><testcase classname="stress-suite.tests.test_g3_s07" name="test_capability_and_independence_remain_separate_axes" time="0.002" /><testcase classname="stress-suite.tests.test_g3_s07" name="test_deterministic_routing_under_identical_inputs" time="0.003" /><testcase classname="stress-suite.tests.test_g3_s07" name="test_reviewer_rename_preserves_topology_decision" time="0.003" /><testcase classname="stress-suite.tests.test_g3_s07" name="test_costs_and_budgets_exposed_on_every_decision" time="0.002" /><testcase classname="stress-suite.tests.test_g3_s08" name="test_shared_context_creates_high_exposure_topology" time="0.002" /><testcase classname="stress-suite.tests.test_g3_s08" name="test_high_consequence_review_triggers_friction" time="0.002" /><testcase classname="stress-suite.tests.test_g3_s08" name="test_fresh_context_reviewer_is_genuinely_blind" time="0.003" /><testcase classname="stress-suite.tests.test_g3_s08" name="test_blind_path_surfaces_alternative_explanation" time="0.002" /><testcase classname="stress-suite.tests.test_g3_s08" name="test_leaked_prior_conclusion_suppresses_alternative_in_control" time="0.002" /><testcase classname="stress-suite.tests.test_g3_s08" name="test_system_preserves_both_hypotheses_and_gap" time="0.002" /><testcase classname="stress-suite.tests.test_g3_s08" name="test_friction_budget_is_bounded" time="0.002" /><testcase classname="stress-suite.tests.test_g3_s08" name="test_no_automatic_transformation_from_disagreement" time="0.002" /><testcase classname="stress-suite.tests.test_g3_s08" name="test_scenario_rename_preserves_behavior" time="0.003" /><testcase classname="stress-suite.tests.test_g3_s08" name="test_wrong_expected_disposition_does_not_alter_execution" time="0.002" /><testcase classname="stress-suite.tests.test_g3_s09" name="test_strong_independent_consensus_triggers_bounded_counter_attractor" time="0.002" /><testcase classname="stress-suite.tests.test_g3_s09" name="test_counter_attractor_returns_no_change" time="0.003" /><testcase classname="stress-suite.tests.test_g3_s09" name="test_challenge_budget_terminates" time="0.002" /><testcase classname="stress-suite.tests.test_g3_s09" name="test_no_synthetic_dissent_manufactured" time="0.002" /><testcase classname="stress-suite.tests.test_g3_s09" name="test_no_confidence_penalty_for_honest_no_change" time="0.002" /><testcase classname="stress-suite.tests.test_g3_s09" name="test_repeated_invocation_is_deterministic_and_does_not_loop" time="0.004" /><testcase classname="stress-suite.tests.test_g3_s09" name="test_no_transformation_without_discriminating_contradiction" time="0.002" /><testcase classname="stress-suite.tests.test_g3_s09" name="test_friction_not_triggered_for_well_supported_consensus" time="0.002" /><testcase classname="stress-suite.tests.test_g3_s09" name="test_challenge_with_discriminating_contradiction_supports_change" time="0.002" /><testcase classname="stress-suite.tests.test_g3p0" name="test_source_diversity_does_not_imply_model_diversity" time="0.001" /><testcase classname="stress-suite.tests.test_g3p0" name="test_model_diversity_does_not_imply_source_diversity" time="0.001" /><testcase classname="stress-suite.tests.test_g3p0" name="test_model_family_and_runtime_are_separate_axes" time="0.001" /><testcase classname="stress-suite.tests.test_g3p0" name="test_both_axes_needed_for_independent_confirmation" time="0.001" /><testcase classname="stress-suite.tests.test_g3p0" name="test_allocator_semantics_unambiguous" time="0.001" /><testcase classname="stress-suite.tests.test_g3p0" name="test_retrieval_semantics_unambiguous" time="0.001" /><testcase classname="stress-suite.tests.test_g3p0" name="test_unknown_axis_stays_unknown_and_never_independent" time="0.001" /><testcase classname="stress-suite.tests.test_g3p0" name="test_profile_is_versioned_separately_from_g2r_lineage" time="0.000" /><testcase classname="stress-suite.tests.test_g3p0" name="test_receipt_distinguishes_artifacts_head_from_verified_branch_head" time="0.000" /><testcase classname="stress-suite.tests.test_g3p0" name="test_no_self_referential_terminal_pin_in_g3_receipt_semantics" time="0.000" /><testcase classname="stress-suite.tests.test_g3p0" name="test_p0_axes_distinct_in_pairwise_graph" time="0.001" /><testcase classname="stress-suite.tests.test_g3r" name="test_contradiction_after_budget_is_ignored" time="0.000" /><testcase classname="stress-suite.tests.test_g3r" name="test_contradiction_within_budget_is_honored" time="0.000" /><testcase classname="stress-suite.tests.test_g3r" name="test_evidence_produced_contains_only_consumed_findings" time="0.000" /><testcase classname="stress-suite.tests.test_g3r" name="test_cost_equals_consumed_authorized_methods" time="0.000" /><testcase classname="stress-suite.tests.test_g3r" name="test_zero_findings_does_not_fake_budget_consumption" time="0.000" /><testcase classname="stress-suite.tests.test_g3r" name="test_unauthorized_method_cannot_support_challenge" time="0.000" /><testcase classname="stress-suite.tests.test_g3r" name="test_authorized_method_can_support_challenge" time="0.000" /><testcase classname="stress-suite.tests.test_g3r" name="test_unknown_method_recorded_but_not_counted" time="0.001" /><testcase classname="stress-suite.tests.test_g3r" name="test_method_budget_and_finding_count_are_consistent" time="0.000" /><testcase classname="stress-suite.tests.test_g3r" name="test_eight_of_eight_independent_consensus_may_trigger" time="0.001" /><testcase classname="stress-suite.tests.test_g3r" name="test_three_two_split_does_not_trigger_strong_consensus" time="0.001" /><testcase classname="stress-suite.tests.test_g3r" name="test_reviewer_count_alone_cannot_trigger_counter_attractor" time="0.002" /><testcase classname="stress-suite.tests.test_g3r" name="test_duplicate_correlated_votes_do_not_create_independent_support" time="0.003" /><testcase classname="stress-suite.tests.test_g3r" name="test_three_two_split_at_runner_level_no_counter_attractor" time="0.002" /><testcase classname="stress-suite.tests.test_g3r" name="test_case_a_monoculture_no_exposure_still_triggers_friction" time="0.003" /><testcase classname="stress-suite.tests.test_g3r" name="test_case_a_friction_trigger_fires_without_exposure" time="0.002" /><testcase classname="stress-suite.tests.test_g3r" name="test_case_b_3_3_split_is_not_strong_consensus_and_no_unneeded_friction" time="0.001" /><testcase classname="stress-suite.tests.test_g3r" name="test_case_c_diversified_topology_no_exposure_no_friction" time="0.001" /><testcase classname="stress-suite.tests.test_g3r" name="test_case_d_disagreement_alone_no_friction" time="0.001" /><testcase classname="stress-suite.tests.test_g3r" name="test_unauthorized_friction_method_ignored_or_rejected" time="0.000" /><testcase classname="stress-suite.tests.test_g3r" name="test_friction_budget_bounds_actions" time="0.001" /><testcase classname="stress-suite.tests.test_g3r" name="test_fresh_context_action_consumes_budget" time="0.000" /><testcase classname="stress-suite.tests.test_g3r" name="test_no_trigger_means_zero_actions" time="0.000" /><testcase classname="stress-suite.tests.test_g3r" name="test_disagreement_does_not_create_actions_without_trigger" time="0.001" /><testcase classname="stress-suite.tests.test_g3r" name="test_fresh_context_satisfies_fresh_or_design_requirement" time="0.001" /><testcase classname="stress-suite.tests.test_g3r" name="test_independent_design_satisfies_requirement_without_fresh_context" time="0.000" /><testcase classname="stress-suite.tests.test_g3r" name="test_duplicated_design_does_not_satisfy" time="0.000" /><testcase classname="stress-suite.tests.test_g3r" name="test_unknown_design_does_not_count_favorably" time="0.000" /><testcase classname="stress-suite.tests.test_g3r" name="test_worker_claims_fake_model_lineage" time="0.000" /><testcase classname="stress-suite.tests.test_g3r" name="test_worker_claims_fake_source_lineage" time="0.000" /><testcase classname="stress-suite.tests.test_g3r" name="test_worker_claims_fake_retrieval_bundle" time="0.000" /><testcase classname="stress-suite.tests.test_g3r" name="test_worker_claims_blind_but_registry_records_prior_exposure" time="0.000" /><testcase classname="stress-suite.tests.test_g3r" name="test_unknown_registry_provenance_remains_unknown" time="0.000" /><testcase classname="stress-suite.tests.test_g3r" name="test_registered_truth_changes_independence_profile" time="0.001" /><testcase classname="stress-suite.tests.test_g3r" name="test_missing_registry_entry_does_not_promote_claims" time="0.002" /><testcase classname="stress-suite.tests.test_g3r" name="test_unknown_unknown_dependency_is_unknown" time="0.001" /><testcase classname="stress-suite.tests.test_g3r" name="test_known_same_is_shared" time="0.001" /><testcase classname="stress-suite.tests.test_g3r" name="test_known_different_is_distinct" time="0.000" /><testcase classname="stress-suite.tests.test_g3r" name="test_unknown_axis_cannot_satisfy_independence_requirement" time="0.001" /><testcase classname="stress-suite.tests.test_g3r" name="test_one_high_plus_basic_fails_all_required_capability" time="0.001" /><testcase classname="stress-suite.tests.test_g3r" name="test_all_required_roles_capability_explicit_key" time="0.001" /><testcase classname="stress-suite.tests.test_g3r" name="test_any_reviewer_capability_semantics" time="0.001" /><testcase classname="stress-suite.tests.test_g3r" name="test_recommended_topology_not_confused_with_executed_evidence" time="0.002" /><testcase classname="stress-suite.tests.test_g3r" name="test_receipt_artifact_records_recommended_vs_executed" time="0.001" /><testcase classname="stress-suite.tests.test_g3r" name="test_case_c_budget_3_contradiction_after_clean_findings" time="0.001" /><testcase classname="stress-suite.tests.test_g3r" name="test_case_d_two_independent_designs_no_fresh_context" time="0.001" /><testcase classname="stress-suite.tests.test_g3r" name="test_case_a_runner_level_friction_and_disposition" time="0.003" /><testcase classname="stress-suite.tests.test_g3r" name="test_case_b_runner_level_3_3_split_high_consequence" time="0.002" /><testcase classname="stress-suite.tests.test_g3r2" name="test_missing_registry_model_claim_becomes_unknown" time="0.001" /><testcase classname="stress-suite.tests.test_g3r2" name="test_missing_registry_source_claim_becomes_unknown" time="0.000" /><testcase classname="stress-suite.tests.test_g3r2" name="test_missing_registry_runtime_claim_becomes_unknown" time="0.000" /><testcase classname="stress-suite.tests.test_g3r2" name="test_missing_registry_retrieval_claim_becomes_unknown" time="0.000" /><testcase classname="stress-suite.tests.test_g3r2" name="test_missing_registry_blind_claim_not_verified" time="0.000" /><testcase classname="stress-suite.tests.test_g3r2" name="test_missing_registry_independent_design_not_verified" time="0.000" /><testcase classname="stress-suite.tests.test_g3r2" name="test_unverified_claims_cannot_satisfy_independence" time="0.001" /><testcase classname="stress-suite.tests.test_g3r2" name="test_default_missing_registry_fails_closed" time="0.002" /><testcase classname="stress-suite.tests.test_g3r2" name="test_explicit_synthetic_fixture_mode_allows_fixture_truth" time="0.002" /><testcase classname="stress-suite.tests.test_g3r2" name="test_synthetic_fixture_mode_recorded_in_receipt" time="0.003" /><testcase classname="stress-suite.tests.test_g3r2" name="test_governed_registry_mode_never_self_registers_claims" time="0.002" /><testcase classname="stress-suite.tests.test_g3r2" name="test_unknown_provenance_mode_rejected" time="0.001" /><testcase classname="stress-suite.tests.test_g3r2" name="test_topology_candidate_fake_model_diversity_fails" time="0.001" /><testcase classname="stress-suite.tests.test_g3r2" name="test_topology_candidate_fake_source_diversity_fails" time="0.001" /><testcase classname="stress-suite.tests.test_g3r2" name="test_topology_candidate_fake_independent_design_fails" time="0.001" /><testcase classname="stress-suite.tests.test_g3r2" name="test_friction_reviewer_fake_blind_status_fails" time="0.000" /><testcase classname="stress-suite.tests.test_g3r2" name="test_friction_reviewer_registry_blind_status_succeeds" time="0.001" /><testcase classname="stress-suite.tests.test_g3r2" name="test_secondary_surfaces_share_same_provenance_semantics" time="0.002" /><testcase classname="stress-suite.tests.test_g3r2" name="test_partial_bundle_overlap_detects_shared_source" time="0.001" /><testcase classname="stress-suite.tests.test_g3r2" name="test_all_reviewers_share_one_source_prevalence_is_one" time="0.001" /><testcase classname="stress-suite.tests.test_g3r2" name="test_disjoint_source_bundles_remain_low_overlap" time="0.001" /><testcase classname="stress-suite.tests.test_g3r2" name="test_unknown_source_metadata_not_treated_as_diverse" time="0.001" /><testcase classname="stress-suite.tests.test_g3r2" name="test_common_source_plus_unique_sources_keeps_correlation_visible" time="0.003" /><testcase classname="stress-suite.tests.test_g3r2" name="test_all_unknown_exposure_does_not_count_as_zero_exposure" time="0.001" /><testcase classname="stress-suite.tests.test_g3r2" name="test_unknown_exposure_cannot_satisfy_strict_independence_contract" time="0.002" /><testcase classname="stress-suite.tests.test_g3r2" name="test_known_false_exposure_can_satisfy" time="0.002" /><testcase classname="stress-suite.tests.test_g3r2" name="test_mixed_known_unknown_preserves_coverage_uncertainty" time="0.001" /><testcase classname="stress-suite.tests.test_g3r2" name="test_case_h_unknown_exposure_blocks_strict_independence" time="0.002" /><testcase classname="stress-suite.tests.test_g3r2" name="test_unknown_heavy_set_is_not_equivalent_to_known_diversity" time="0.003" /><testcase classname="stress-suite.tests.test_g3r2" name="test_unknown_axis_coverage_survives_into_facts_dict" time="0.001" /><testcase classname="stress-suite.tests.test_g3r2" name="test_unknown_counter_method_contract_rejected" time="0.000" /><testcase classname="stress-suite.tests.test_g3r2" name="test_unknown_friction_method_contract_rejected" time="0.001" /><testcase classname="stress-suite.tests.test_g3r2" name="test_canonical_subset_accepted" time="0.000" /><testcase classname="stress-suite.tests.test_g3r2" name="test_empty_allowed_methods_uses_documented_default" time="0.000" /><testcase classname="stress-suite.tests.test_g3r2" name="test_early_contradiction_stops_review" time="0.000" /><testcase classname="stress-suite.tests.test_g3r2" name="test_post_contradiction_findings_not_consumed" time="0.000" /><testcase classname="stress-suite.tests.test_g3r2" name="test_post_contradiction_evidence_not_recorded" time="0.000" /><testcase classname="stress-suite.tests.test_g3r2" name="test_cost_stops_with_review" time="0.000" /><testcase classname="stress-suite.tests.test_g3r2" name="test_case_i_early_challenge_stops_at_two" time="0.000" /><testcase classname="stress-suite.tests.test_g3r2" name="test_one_path_fresh_plus_design_counts_as_one" time="0.000" /><testcase classname="stress-suite.tests.test_g3r2" name="test_two_distinct_qualifying_paths_count_as_two" time="0.000" /><testcase classname="stress-suite.tests.test_g3r2" name="test_duplicated_path_id_counts_once" time="0.000" /><testcase classname="stress-suite.tests.test_g3r2" name="test_unknown_path_provenance_does_not_qualify" time="0.001" /><testcase classname="stress-suite.tests.test_g3r2" name="test_case_j_one_path_two_labels_is_one" time="0.001" /><testcase classname="stress-suite.tests.test_g3r2" name="test_replication_paths_are_distinct_identities" time="0.001" /><testcase classname="stress-suite.tests.test_g3r2" name="test_unverified_high_capability_does_not_pass" time="0.001" /><testcase classname="stress-suite.tests.test_g3r2" name="test_registered_adequate_capability_passes" time="0.001" /><testcase classname="stress-suite.tests.test_g3r2" name="test_synthetic_authoritative_capability_mode_explicit" time="0.001" /><testcase classname="stress-suite.tests.test_g3r2" name="test_case_k_fake_topology_cannot_satisfy_verified_routing" time="0.002" /><testcase classname="stress-suite.tests.test_g3r2" name="test_capability_change_does_not_change_authority" time="0.002" /><testcase classname="stress-suite.tests.test_g3r2" name="test_case_f_self_registered_swarm_fails_closed" time="0.002" /><testcase classname="stress-suite.tests.test_g3r2" name="test_case_g_partial_source_monoculture_detected" time="0.002" /><testcase classname="stress-suite.tests.test_g3r2" name="test_recommended_topology_remains_distinct_from_executed_evidence" time="0.002" /><testcase classname="stress-suite.tests.test_g3r2" name="test_no_effective_independence_scalar_minted" time="0.001" /><testcase classname="stress-suite.tests.test_g4" name="test_raw_replication_count_cannot_mint_paths" time="0.000" /><testcase classname="stress-suite.tests.test_g4" name="test_registered_replication_paths_count" time="0.000" /><testcase classname="stress-suite.tests.test_g4" name="test_duplicate_replication_id_counts_once" time="0.000" /><testcase classname="stress-suite.tests.test_g4" name="test_unknown_replication_provenance_does_not_qualify" time="0.000" /><testcase classname="stress-suite.tests.test_g4" name="test_replication_path_needs_explicit_authority" time="0.000" /><testcase classname="stress-suite.tests.test_g4" name="test_provenance_conflict_ledger_records_all_surfaces" time="0.000" /><testcase classname="stress-suite.tests.test_g4" name="test_conflict_ledger_roundtrip_survives_into_receipt_shape" time="0.000" /><testcase classname="stress-suite.tests.test_g4" name="test_worker_cannot_make_negative_knowledge_permanent" time="0.000" /><testcase classname="stress-suite.tests.test_g4" name="test_fake_operator_payload_rejected" time="0.000" /><testcase classname="stress-suite.tests.test_g4" name="test_real_operator_authority_can_make_permanent" time="0.000" /><testcase classname="stress-suite.tests.test_g4" name="test_permanence_records_authority_reference" time="0.000" /><testcase classname="stress-suite.tests.test_g4" name="test_permanence_does_not_delete_reopen_history" time="0.000" /><testcase classname="stress-suite.tests.test_g4" name="test_sealed_epoch_blocks_nested_mutation" time="0.001" /><testcase classname="stress-suite.tests.test_g4" name="test_sealed_epoch_blocks_pre_seal_alias_mutation" time="0.001" /><testcase classname="stress-suite.tests.test_g4" name="test_sealed_epoch_fingerprint_stable" time="0.001" /><testcase classname="stress-suite.tests.test_g4" name="test_future_epoch_does_not_alias_predecessor" time="0.001" /><testcase classname="stress-suite.tests.test_g4" name="test_historical_epoch_never_rewritten_by_successor" time="0.001" /><testcase classname="stress-suite.tests.test_g4" name="test_unknown_condition_type_rejected" time="0.000" /><testcase classname="stress-suite.tests.test_g4" name="test_unknown_operator_rejected" time="0.000" /><testcase classname="stress-suite.tests.test_g4" name="test_unknown_blocker_rejected" time="0.000" /><testcase classname="stress-suite.tests.test_g4" name="test_reopen_contract_version_retained" time="0.000" /><testcase classname="stress-suite.tests.test_g4" name="test_satisfied_reopen_condition_retrieves_dormant_knowledge" time="0.001" /><testcase classname="stress-suite.tests.test_g4" name="test_unsatisfied_condition_leaves_dormant" time="0.001" /><testcase classname="stress-suite.tests.test_g4" name="test_dormant_to_active_forbidden_by_edge_table" time="0.000" /><testcase classname="stress-suite.tests.test_g4" name="test_dormant_to_reactivated_legal" time="0.000" /><testcase classname="stress-suite.tests.test_g4" name="test_reactivation_requires_renewed_evaluation" time="0.000" /><testcase classname="stress-suite.tests.test_g4" name="test_old_evidence_and_demotion_reason_survive" time="0.001" /><testcase classname="stress-suite.tests.test_g4" name="test_s10_scenario_rename_invariant" time="0.001" /><testcase classname="stress-suite.tests.test_g4" name="test_s10_wrong_expected_outcome_leaves_fingerprint_unchanged" time="0.001" /><testcase classname="stress-suite.tests.test_g4" name="test_blocker_resolved_condition_reopens_ordinary_negative_knowledge" time="0.001" /><testcase classname="stress-suite.tests.test_g4" name="test_unrelated_evidence_does_not_reopen" time="0.001" /><testcase classname="stress-suite.tests.test_g4" name="test_unsupported_blocker_assertion_does_not_reopen" time="0.002" /><testcase classname="stress-suite.tests.test_g4" name="test_negative_knowledge_record_retained_after_reopen" time="0.002" /><testcase classname="stress-suite.tests.test_g4" name="test_suppression_ends_only_for_exact_scope" time="0.001" /><testcase classname="stress-suite.tests.test_g4" name="test_cross_scope_condition_fails_closed" time="0.001" /><testcase classname="stress-suite.tests.test_g4" name="test_operator_permanent_record_does_not_auto_reopen" time="0.001" /><testcase classname="stress-suite.tests.test_g4" name="test_permanent_behavior_ambiguity_remains_explicit" time="0.001" /><testcase classname="stress-suite.tests.test_g4" name="test_s11_scenario_rename_invariant" time="0.001" /><testcase classname="stress-suite.tests.test_g4" name="test_fifty_k_history_bounded_active_context" time="0.325" /><testcase classname="stress-suite.tests.test_g4" name="test_required_objects_all_retrieved" time="0.005" /><testcase classname="stress-suite.tests.test_g4" name="test_archive_growth_does_not_grow_active_context" time="0.310" /><testcase classname="stress-suite.tests.test_g4" name="test_context_scaling_metamorphic" time="0.333" /><testcase classname="stress-suite.tests.test_g4" name="test_dormant_record_reactivates_via_reopen_despite_absence" time="0.001" /><testcase classname="stress-suite.tests.test_g4" name="test_archival_object_reconstructs_explicitly" time="0.000" /><testcase classname="stress-suite.tests.test_g4" name="test_compaction_never_deletes_provenance" time="0.001" /><testcase classname="stress-suite.tests.test_g4" name="test_compaction_record_keeps_reconstruction_pointer" time="0.000" /><testcase classname="stress-suite.tests.test_g4" name="test_same_inputs_byte_identical_bundle_fingerprint" time="0.009" /><testcase classname="stress-suite.tests.test_g4" name="test_m4_state_legal_with_archival_tier" time="0.001" /><testcase classname="stress-suite.tests.test_g4" name="test_sealed_epoch_reconstructs_from_canonical_artifacts" time="0.002" /><testcase classname="stress-suite.tests.test_g4" name="test_replacement_runtime_has_zero_private_memory" time="0.002" /><testcase classname="stress-suite.tests.test_g4" name="test_runtime_rename_does_not_alter_semantic_fingerprint" time="0.003" /><testcase classname="stress-suite.tests.test_g4" name="test_missing_required_artifact_fails_closed" time="0.002" /><testcase classname="stress-suite.tests.test_g4" name="test_missing_negative_knowledge_fails_closed" time="0.002" /><testcase classname="stress-suite.tests.test_g4" name="test_historical_runtime_certifications_retained" time="0.002" /><testcase classname="stress-suite.tests.test_g4" name="test_current_runtime_does_not_overwrite_historical_identity" time="0.001" /><testcase classname="stress-suite.tests.test_g4" name="test_epoch_chain_acyclic_and_sealed" time="0.001" /><testcase classname="stress-suite.tests.test_g4" name="test_predecessor_missing_detected" time="0.001" /><testcase classname="stress-suite.tests.test_g4" name="test_epoch_cycle_fails_closed" time="0.001" /><testcase classname="stress-suite.tests.test_g4" name="test_authority_state_reconstructed_exactly" time="0.002" /><testcase classname="stress-suite.tests.test_g4" name="test_m4_and_negative_and_unresolved_surfaces_reconstructed" time="0.002" /><testcase classname="stress-suite.tests.test_g4" name="test_amb12_stays_provisional" time="0.000" /><testcase classname="stress-suite.tests.test_g4" name="test_memory_policy_rejects_scenario_specific_conditions" time="0.000" /><testcase classname="stress-suite.tests.test_g4" name="test_policy_json_has_no_scenario_ids_or_literals" time="0.000" /><testcase classname="stress-suite.tests.test_g4" name="test_policy_knows_only_generic_fields" time="0.000" /><testcase classname="stress-suite.tests.test_g4" name="test_run_g4_scenario_refuses_sealed_fields" time="0.000" /><testcase classname="stress-suite.tests.test_g4" name="test_g4_packs_load_and_all_pass" time="0.332" /><testcase classname="stress-suite.tests.test_g4" name="test_policy_fingerprint_deterministic" time="0.001" /><testcase classname="stress-suite.tests.test_g4r" name="test_shared_policy_change_changes_generic_memory_behavior" time="0.002" /><testcase classname="stress-suite.tests.test_g4r" name="test_runner_does_not_bypass_reopen_policy" time="0.003" /><testcase classname="stress-suite.tests.test_g4r" name="test_runner_does_not_bypass_suppression_policy" time="0.003" /><testcase classname="stress-suite.tests.test_g4r" name="test_activation_decision_comes_from_policy" time="0.002" /><testcase classname="stress-suite.tests.test_g4r" name="test_wrong_expected_outcome_does_not_change_policy_decision" time="0.003" /><testcase classname="stress-suite.tests.test_g4r" name="test_condition_for_A_does_not_reopen_B" time="0.000" /><testcase classname="stress-suite.tests.test_g4r" name="test_condition_for_A_reopens_A_when_satisfied" time="0.000" /><testcase classname="stress-suite.tests.test_g4r" name="test_blank_subject_ref_fails_closed_for_object_specific_condition" time="0.000" /><testcase classname="stress-suite.tests.test_g4r" name="test_explicit_global_condition_requires_explicit_scope_marker" time="0.000" /><testcase classname="stress-suite.tests.test_g4r" name="test_wrong_scope_condition_does_not_stop_suppression" time="0.000" /><testcase classname="stress-suite.tests.test_g4r" name="test_exact_scope_condition_can_stop_suppression" time="0.000" /><testcase classname="stress-suite.tests.test_g4r" name="test_cross_domain_scope_fails_closed" time="0.000" /><testcase classname="stress-suite.tests.test_g4r" name="test_scope_match_recorded_in_evaluation" time="0.001" /><testcase classname="stress-suite.tests.test_g4r" name="test_any_group_reopens_on_one" time="0.001" /><testcase classname="stress-suite.tests.test_g4r" name="test_all_group_requires_all" time="0.000" /><testcase classname="stress-suite.tests.test_g4r" name="test_all_group_one_missing_does_not_reopen" time="0.000" /><testcase classname="stress-suite.tests.test_g4r" name="test_condition_order_does_not_change_result" time="0.001" /><testcase classname="stress-suite.tests.test_g4r" name="test_unknown_group_operator_fails_closed" time="0.000" /><testcase classname="stress-suite.tests.test_g4r" name="test_phantom_reopen_evidence_rejected" time="0.001" /><testcase classname="stress-suite.tests.test_g4r" name="test_unrelated_evidence_does_not_satisfy_condition" time="0.001" /><testcase classname="stress-suite.tests.test_g4r" name="test_correct_subject_evidence_satisfies" time="0.001" /><testcase classname="stress-suite.tests.test_g4r" name="test_correct_scope_evidence_satisfies" time="0.001" /><testcase classname="stress-suite.tests.test_g4r" name="test_condition_evidence_refs_recorded_in_reopen_trace" time="0.001" /><testcase classname="stress-suite.tests.test_g4r" name="test_evidence_required_without_specific_refs_fails_closed" time="0.001" /><testcase classname="stress-suite.tests.test_g4r" name="test_blocker_resolution_requires_record" time="0.001" /><testcase classname="stress-suite.tests.test_g4r" name="test_blocker_resolution_record_without_evidence_rejected" time="0.001" /><testcase classname="stress-suite.tests.test_g4r" name="test_blocker_resolution_subject_scope_mismatch_rejected" time="0.001" /><testcase classname="stress-suite.tests.test_g4r" name="test_evidence_backed_blocker_resolution_reopens" time="0.001" /><testcase classname="stress-suite.tests.test_g4r" name="test_worker_cannot_apply_reactivation" time="0.001" /><testcase classname="stress-suite.tests.test_g4r" name="test_spoofed_governor_string_rejected" time="0.001" /><testcase classname="stress-suite.tests.test_g4r" name="test_memory_component_cannot_apply_m4_transition" time="0.001" /><testcase classname="stress-suite.tests.test_g4r" name="test_governor_actor_bound_to_authority_can_apply_legal_reactivation" time="0.001" /><testcase classname="stress-suite.tests.test_g4r" name="test_reopen_candidate_without_authority_remains_unapplied" time="0.001" /><testcase classname="stress-suite.tests.test_g4r" name="test_direct_permanence_assignment_cannot_create_valid_permanence" time="0.000" /><testcase classname="stress-suite.tests.test_g4r" name="test_deserialized_fake_permanent_record_rejected" time="0.000" /><testcase classname="stress-suite.tests.test_g4r" name="test_permanent_string_without_authority_block_rejected" time="0.000" /><testcase classname="stress-suite.tests.test_g4r" name="test_non_operator_authority_block_rejected" time="0.000" /><testcase classname="stress-suite.tests.test_g4r" name="test_valid_operator_permanence_roundtrip_succeeds" time="0.000" /><testcase classname="stress-suite.tests.test_g4r" name="test_schema_requires_permanence_block_when_flag_set" time="0.031" /><testcase classname="stress-suite.tests.test_g4r" name="test_sealed_epoch_cannot_toggle_sealed_false" time="0.001" /><testcase classname="stress-suite.tests.test_g4r" name="test_sealed_epoch_cannot_overwrite_fingerprint" time="0.001" /><testcase classname="stress-suite.tests.test_g4r" name="test_sealed_epoch_semantics_stable_under_adversarial_internal_assignment" time="0.001" /><testcase classname="stress-suite.tests.test_g4r" name="test_successor_creation_still_works" time="0.001" /><testcase classname="stress-suite.tests.test_g4r" name="test_manifest_only_reconstruction_fails_when_external_surfaces_required" time="0.001" /><testcase classname="stress-suite.tests.test_g4r" name="test_evaluation_contract_ref_must_resolve" time="0.002" /><testcase classname="stress-suite.tests.test_g4r" name="test_lifecycle_contract_ref_must_resolve" time="0.001" /><testcase classname="stress-suite.tests.test_g4r" name="test_negative_knowledge_ref_must_resolve" time="0.002" /><testcase classname="stress-suite.tests.test_g4r" name="test_operator_ratification_ref_must_resolve" time="0.001" /><testcase classname="stress-suite.tests.test_g4r" name="test_transformation_evidence_ref_must_resolve" time="0.001" /><testcase classname="stress-suite.tests.test_g4r" name="test_wrong_version_artifact_fails" time="0.001" /><testcase classname="stress-suite.tests.test_g4r" name="test_wrong_epoch_knowledge_projection_fails" time="0.001" /><testcase classname="stress-suite.tests.test_g4r" name="test_wrong_authority_snapshot_fails" time="0.001" /><testcase classname="stress-suite.tests.test_g4r" name="test_artifact_with_correct_id_wrong_fingerprint_fails" time="0.001" /><testcase classname="stress-suite.tests.test_g4r" name="test_evaluation_and_lifecycle_contracts_are_separate" time="0.001" /><testcase classname="stress-suite.tests.test_g4r" name="test_reconstruction_validates_content_not_emptiness" time="0.001" /><testcase classname="stress-suite.tests.test_g4r" name="test_zero_runtime_memory_can_pass" time="0.006" /><testcase classname="stress-suite.tests.test_g4r" name="test_private_runtime_memory_run_not_qualified_for_s13" time="0.006" /><testcase classname="stress-suite.tests.test_g4r" name="test_runtime_name_rename_still_semantically_invariant" time="0.009" /><testcase classname="stress-suite.tests.test_g4r" name="test_active_flood_produces_bounded_context_and_compaction" time="0.318" /><testcase classname="stress-suite.tests.test_g4r" name="test_tag_collision_required_outranks_broad_tags" time="0.017" /><testcase classname="stress-suite.tests.test_g4r" name="test_recency_distraction_does_not_crowd_out_required" time="0.010" /><testcase classname="stress-suite.tests.test_g4r" name="test_required_gt_budget_reports_insufficient" time="0.002" /><testcase classname="stress-suite.tests.test_g4r" name="test_missing_required_refs_explicit" time="0.001" /><testcase classname="stress-suite.tests.test_g4r" name="test_policy_governed_compaction_decision" time="0.002" /><testcase classname="stress-suite.tests.test_g4r" name="test_raw_true_boolean_cannot_bypass_reopen_evaluator" time="0.001" /><testcase classname="stress-suite.tests.test_g4r" name="test_retriever_accepts_governed_reopen_evaluation" time="0.001" /><testcase classname="stress-suite.tests.test_g4r" name="test_condition_unknown_does_not_retrieve" time="0.001" /><testcase classname="stress-suite.tests.test_g4r" name="test_operator_review_required_does_not_auto_retrieve" time="0.001" /><testcase classname="stress-suite.tests.test_g4r" name="test_reopen_conflicts_survive_into_receipt" time="0.000" /><testcase classname="stress-suite.tests.test_g4r" name="test_runner_exposes_provenance_conflicts" time="0.000" /><testcase classname="stress-suite.tests.test_g4r" name="test_reconstruction_conflicts_are_missing_surfaces" time="0.001" /><testcase classname="stress-suite.tests.test_g4r" name="test_s10_primary_pack_still_passes" time="0.002" /><testcase classname="stress-suite.tests.test_g4r" name="test_s11_primary_pack_still_passes" time="0.002" /><testcase classname="stress-suite.tests.test_g4r" name="test_s13_primary_pack_still_passes" time="0.005" /><testcase classname="stress-suite.tests.test_g5" name="test_shared_policy_has_no_scenario_ids_or_literals" time="0.001" /><testcase classname="stress-suite.tests.test_g5" name="test_shared_policy_known_dispositions_only" time="0.000" /><testcase classname="stress-suite.tests.test_g5" name="test_policy_change_changes_behavior" time="0.002" /><testcase classname="stress-suite.tests.test_g5" name="test_primary_packs_load_and_all_pass" time="0.012" /><testcase classname="stress-suite.tests.test_g5" name="test_wrong_expected_outcome_does_not_change_execution" time="0.002" /><testcase classname="stress-suite.tests.test_g5" name="test_scenario_rename_leaves_behavior_unchanged" time="0.002" /><testcase classname="stress-suite.tests.test_g5" name="test_primary_fixture_rejects_despite_extreme_pnl" time="0.001" /><testcase classname="stress-suite.tests.test_g5" name="test_pit_leak_detected_from_timestamps" time="0.001" /><testcase classname="stress-suite.tests.test_g5" name="test_impossible_fill_detected" time="0.001" /><testcase classname="stress-suite.tests.test_g5" name="test_priority_and_promotion_are_separate" time="0.001" /><testcase classname="stress-suite.tests.test_g5" name="test_control_a_fixing_lookahead_only_still_rejects" time="0.001" /><testcase classname="stress-suite.tests.test_g5" name="test_control_b_fixing_fills_only_still_rejects" time="0.001" /><testcase classname="stress-suite.tests.test_g5" name="test_control_c_moderate_clean_progresses_farther" time="0.001" /><testcase classname="stress-suite.tests.test_g5" name="test_pnl_metamorphic_x10_unchanged_verdict" time="0.002" /><testcase classname="stress-suite.tests.test_g5" name="test_fake_alpha_negative_knowledge_has_reopen_conditions" time="0.001" /><testcase classname="stress-suite.tests.test_g5" name="test_profit_cannot_purchase_promotion" time="0.002" /><testcase classname="stress-suite.tests.test_g5" name="test_unknown_family_allowed" time="0.002" /><testcase classname="stress-suite.tests.test_g5" name="test_nearest_family_forcing_prohibited" time="0.002" /><testcase classname="stress-suite.tests.test_g5" name="test_mechanism_card_precedes_strategy_and_no_execution_artifact" time="0.002" /><testcase classname="stress-suite.tests.test_g5" name="test_frozen_protocol_immutable_fingerprint" time="0.001" /><testcase classname="stress-suite.tests.test_g5" name="test_control_a_quality_failure_kills_false_pattern" time="0.001" /><testcase classname="stress-suite.tests.test_g5" name="test_control_b_single_lineage_remains_unresolved" time="0.001" /><testcase classname="stress-suite.tests.test_g5" name="test_control_c_sensor_dependent_pattern_routes_data_blocked" time="0.001" /><testcase classname="stress-suite.tests.test_g5" name="test_unresolved_pattern_cannot_become_strategy" time="0.002" /><testcase classname="stress-suite.tests.test_g5" name="test_rename_pattern_leaves_decision_unchanged" time="0.002" /><testcase classname="stress-suite.tests.test_g5" name="test_exact_manual_claim_preserved" time="0.005" /><testcase classname="stress-suite.tests.test_g5" name="test_clean_contradiction_opens_contradiction_and_preserves_manual" time="0.005" /><testcase classname="stress-suite.tests.test_g5" name="test_flawed_reproduction_rejected_manual_preserved" time="0.005" /><testcase classname="stress-suite.tests.test_g5" name="test_doctrine_claim_never_overwritten_by_reproduction" time="0.005" /><testcase classname="stress-suite.tests.test_g5" name="test_generic_quant_convention_cannot_override_manual" time="0.005" /><testcase classname="stress-suite.tests.test_g5" name="test_amendment_requires_operator" time="0.005" /><testcase classname="stress-suite.tests.test_g5" name="test_claim_id_rename_leaves_doctrine_authority_unchanged" time="0.009" /><testcase classname="stress-suite.tests.test_g5" name="test_operator_preference_cannot_fabricate_contradiction" time="0.004" /><testcase classname="stress-suite.tests.test_g5" name="test_source_layer_diagnosis_first_cause_unit_mismatch" time="0.002" /><testcase classname="stress-suite.tests.test_g5" name="test_instrument_mapping_mismatch_localized" time="0.002" /><testcase classname="stress-suite.tests.test_g5" name="test_genuine_disagreement_preserved_not_averaged" time="0.002" /><testcase classname="stress-suite.tests.test_g5" name="test_diagnosis_order_invariant" time="0.001" /><testcase classname="stress-suite.tests.test_g5" name="test_provider_rename_metamorphic_semantics_preserved" time="0.002" /><testcase classname="stress-suite.tests.test_g5" name="test_control_a_normalization_repair_removes_disagreement" time="0.001" /><testcase classname="stress-suite.tests.test_g5" name="test_unavailable_required_sensor_data_blocked" time="0.002" /><testcase classname="stress-suite.tests.test_g5" name="test_partial_history_not_adequate" time="0.002" /><testcase classname="stress-suite.tests.test_g5" name="test_search_demand_emitted_with_reopen_condition" time="0.002" /><testcase classname="stress-suite.tests.test_g5" name="test_blocked_claim_not_demoted_as_false" time="0.003" /><testcase classname="stress-suite.tests.test_g5" name="test_sensor_arrival_reactivates_via_governed_reopen_not_validation" time="0.002" /><testcase classname="stress-suite.tests.test_g5" name="test_search_demand_is_not_claim_validation" time="0.002" /><testcase classname="stress-suite.tests.test_g5" name="test_unknown_is_not_available" time="0.000" /><testcase classname="stress-suite.tests.test_g5" name="test_rename_missing_sensor_preserves_data_blocked" time="0.002" /><testcase classname="stress-suite.tests.test_g5" name="test_source_domain_claim_stays_crypto" time="0.002" /><testcase classname="stress-suite.tests.test_g5" name="test_missing_target_observables_data_blocked" time="0.002" /><testcase classname="stress-suite.tests.test_g5" name="test_invariant_map_required_and_name_alone_insufficient" time="0.002" /><testcase classname="stress-suite.tests.test_g5" name="test_broken_structural_assumption_transfer_rejected" time="0.003" /><testcase classname="stress-suite.tests.test_g5" name="test_target_data_frozen_protocol_routes_domain_validation_required" time="0.002" /><testcase classname="stress-suite.tests.test_g5" name="test_without_frozen_protocol_transfer_stays_hypothesis" time="0.003" /><testcase classname="stress-suite.tests.test_g5" name="test_analogy_control_same_name_different_mechanics" time="0.001" /><testcase classname="stress-suite.tests.test_g5" name="test_cerebus_doctrine_not_overridden_by_analogy" time="0.002" /><testcase classname="stress-suite.tests.test_g5" name="test_source_validation_cannot_be_target_validation" time="0.002" /><testcase classname="stress-suite.tests.test_g5" name="test_rename_crypto_concept_preserves_transfer_disposition" time="0.002" /><testcase classname="stress-suite.tests.test_g5" name="test_s14_vs_s15_good_evidence_beats_good_pnl" time="0.003" /><testcase classname="stress-suite.tests.test_g5" name="test_s17_vs_s18_disagreement_is_not_absence" time="0.003" /><testcase classname="stress-suite.tests.test_g5" name="test_s16_vs_s17_doctrine_contradiction_distinct_from_source_disagreement" time="0.008" /><testcase classname="stress-suite.tests.test_g5" name="test_zero_mutations_in_every_run" time="0.011" /><testcase classname="stress-suite.tests.test_g5p0" name="test_factual_reopen_candidate_can_exist_while_governed_action_holds" time="0.001" /><testcase classname="stress-suite.tests.test_g5p0" name="test_missing_reopen_policy_rule_does_not_reactivate" time="0.002" /><testcase classname="stress-suite.tests.test_g5p0" name="test_missing_suppression_policy_rule_does_not_stop_suppression" time="0.002" /><testcase classname="stress-suite.tests.test_g5p0" name="test_missing_activation_policy_rule_does_not_change_memory_tier" time="0.001" /><testcase classname="stress-suite.tests.test_g5p0" name="test_evidence_required_without_registry_rejected" time="0.000" /><testcase classname="stress-suite.tests.test_g5p0" name="test_non_evidence_required_condition_can_run_without_registry" time="0.000" /><testcase classname="stress-suite.tests.test_g5p0" name="test_evidence_exists_but_wrong_subject_rejected" time="0.001" /><testcase classname="stress-suite.tests.test_g5p0" name="test_evidence_exists_but_wrong_scope_rejected" time="0.001" /><testcase classname="stress-suite.tests.test_g5p0" name="test_evidence_exists_but_wrong_domain_rejected" time="0.001" /><testcase classname="stress-suite.tests.test_g5p0" name="test_correct_applicability_passes" time="0.001" /><testcase classname="stress-suite.tests.test_g5p0" name="test_phantom_reopen_evidence_rejected" time="0.001" /><testcase classname="stress-suite
[...]
_omitted_discriminator_cannot_create_silent_equivalence" time="0.002" /><testcase classname="stress-suite.tests.test_g8_contradiction" name="test_c04_unknown_is_never_normalized_into_a_favourable_token" time="0.001" /><testcase classname="stress-suite.tests.test_g8_contradiction" name="test_c10_profit_and_capability_are_never_outcome_equivalence_fields" time="0.001" /><testcase classname="stress-suite.tests.test_g8_contradiction" name="test_c05_same_terminal_string_on_different_machines_is_not_comparable" time="0.001" /><testcase classname="stress-suite.tests.test_g8_contradiction" name="test_c06_reordered_declarations_leave_digest_and_report_identical" time="0.001" /><testcase classname="stress-suite.tests.test_g8_contradiction" name="test_c07_renaming_identifiers_does_not_change_vector_or_verdict" time="0.001" /><testcase classname="stress-suite.tests.test_g8_contradiction" name="test_c08_aliasing_one_evidence_object_is_one_epistemic_path" time="0.001" /><testcase classname="stress-suite.tests.test_g8_contradiction" name="test_c09_operator_label_without_canonical_authority_has_no_effect" time="0.000" /><testcase classname="stress-suite.tests.test_g8_contradiction" name="test_c11_sealed_truth_is_never_consumed" time="4.063" /><testcase classname="stress-suite.tests.test_g8_contradiction" name="test_c12_proposed_future_package_cannot_overwrite_existing_expectations" time="0.003" /><testcase classname="stress-suite.tests.test_g8_contradiction" name="test_c13_seeded_inconsistent_control_is_detected_and_registered" time="0.002" /><testcase classname="stress-suite.tests.test_g8_contradiction" name="test_c14_report_generation_is_byte_reproducible" time="7.605" /><testcase classname="stress-suite.tests.test_g8_contradiction" name="test_c15_receipt_cannot_certify_itself" time="0.001" /><testcase classname="stress-suite.tests.test_g8_contradiction" name="test_all_observations_have_a_mapped_outcome_class" time="0.000" /><testcase classname="stress-suite.tests.test_g8_contradiction" name="test_every_mandated_comparison_pair_was_substantively_adjudicated" time="0.000" /><testcase classname="stress-suite.tests.test_g8_contradiction" name="test_every_family_completed_its_comparisons" time="0.001" /><testcase classname="stress-suite.tests.test_g8_contradiction" name="test_an_incoherent_equivalence_class_is_never_silent" time="0.002" /><testcase classname="stress-suite.tests.test_g8_contradiction" name="test_no_observation_pair_was_compared_across_state_machines" time="0.001" /><testcase classname="stress-suite.tests.test_g8_contradiction" name="test_gate_decision_is_derived_from_the_counts_not_asserted" time="0.001" /><testcase classname="stress-suite.tests.test_g8_contradiction" name="test_gate_claim_audit_locates_each_receipt_surface_and_recomputes_lineage" time="0.002" /><testcase classname="stress-suite.tests.test_g8_contradiction" name="test_audit_records_the_g4_declared_identifier_as_a_defect" time="0.001" /><testcase classname="stress-suite.tests.test_g8_contradiction" name="test_receipt_claim_extraction_reads_the_declaration_it_consumed" time="0.001" /><testcase classname="stress-suite.tests.test_g8_contradiction" name="test_carried_items_are_re_derived_live_not_quoted" time="0.000" /><testcase classname="stress-suite.tests.test_g8_contradiction" name="test_c22_the_audit_excludes_its_own_gate_receipt" time="0.000" /><testcase classname="stress-suite.tests.test_g8_contradiction" name="test_c14_the_emitted_evidence_package_is_byte_reproducible" time="8.017" /><testcase classname="stress-suite.tests.test_g8_contradiction" name="test_the_audit_does_not_modify_canonical_fixtures" time="3.757" /><testcase classname="stress-suite.tests.test_g8_contradiction" name="test_c16_terminal_head_convention_is_a_note_not_a_false_claim" time="0.001" /><testcase classname="stress-suite.tests.test_g8_contradiction" name="test_c17_a_declared_tested_surface_that_self_certifies_still_fails" time="0.000" /><testcase classname="stress-suite.tests.test_g8_contradiction" name="test_c17b_an_unresolvable_identifier_with_no_declared_abbreviation_blocks" time="0.001" /><testcase classname="stress-suite.tests.test_g8_contradiction" name="test_c18_supersession_requires_a_later_artifact_that_names_the_receipt" time="0.001" /><testcase classname="stress-suite.tests.test_g8_contradiction" name="test_c19_a_constant_derivation_is_detected_not_hidden" time="0.001" /><testcase classname="stress-suite.tests.test_g8_contradiction" name="test_c20_contract_validation_rejects_duplicate_outcome_classes" time="0.001" /><testcase classname="stress-suite.tests.test_g8_contradiction" name="test_c21_the_declared_blocks_gate_policy_governs_the_exit" time="0.033" /><testcase classname="stress-suite.tests.test_g8_contradiction" name="test_r01_mandatory_not_comparable_is_not_coverage" time="0.001" /><testcase classname="stress-suite.tests.test_g8_contradiction" name="test_r01_a_mandated_pair_never_compared_blocks_the_gate" time="0.008" /><testcase classname="stress-suite.tests.test_g8_contradiction" name="test_r01_the_live_package_adjudicates_every_mandated_pair" time="0.001" /><testcase classname="stress-suite.tests.test_g8_contradiction" name="test_r02_p5_tautology_is_gone" time="0.001" /><testcase classname="stress-suite.tests.test_g8_contradiction" name="test_r02_p5_holds_only_on_an_exercised_gate_surface" time="0.001" /><testcase classname="stress-suite.tests.test_g8_contradiction" name="test_r03_p7_unknown_and_key_names_are_not_provenance" time="0.000" /><testcase classname="stress-suite.tests.test_g8_contradiction" name="test_r04_p11_scenario_identity_cannot_derive_runtime_neutrality" time="0.000" /><testcase classname="stress-suite.tests.test_g8_contradiction" name="test_r04_p11_unpaired_and_mismatched_runtime_replacements" time="0.001" /><testcase classname="stress-suite.tests.test_g8_contradiction" name="test_r05_p1_a_refusal_elsewhere_is_not_an_authority_proof" time="0.001" /><testcase classname="stress-suite.tests.test_g8_contradiction" name="test_r05_p8_capability_caused_authority_change_is_a_violation" time="0.001" /><testcase classname="stress-suite.tests.test_g8_contradiction" name="test_r05_p9_availability_caused_empirical_change_is_a_violation" time="0.002" /><testcase classname="stress-suite.tests.test_g8_contradiction" name="test_r06_p6_raw_count_over_one_lineage_is_a_violation" time="0.001" /><testcase classname="stress-suite.tests.test_g8_contradiction" name="test_r05_a_holds_finding_without_derivation_evidence_is_rejected" time="0.001" /><testcase classname="stress-suite.tests.test_g8_contradiction" name="test_r05_a_bare_boolean_cannot_certify_a_guarded_property" time="0.001" /><testcase classname="stress-suite.tests.test_g8_contradiction" name="test_r07_the_emitter_cannot_consume_a_bare_count" time="0.001" /><testcase classname="stress-suite.tests.test_g8_contradiction" name="test_r07_absent_failing_stale_and_malformed_artifacts_all_refuse" time="0.058" /><testcase classname="stress-suite.tests.test_g8_contradiction" name="test_r07_a_clean_artifact_yields_a_verifiable_baseline" time="0.036" /><testcase classname="stress-suite.tests.test_g8_contradiction" name="test_r08_the_s16_source_binding_is_checkout_invariant" time="0.007" /><testcase classname="stress-suite.tests.test_g8_contradiction" name="test_r08_the_live_s16_run_binds_the_canonical_digest" time="0.005" /><testcase classname="stress-suite.tests.test_g8_contradiction" name="test_r09_a_reconstruction_cannot_claim_a_pre_run_freeze" time="0.001" /><testcase classname="stress-suite.tests.test_g8_contradiction" name="test_r09_a_record_cannot_be_summarised_stronger_than_its_weakest_artifact" time="0.000" /><testcase classname="stress-suite.tests.test_g8_contradiction" name="test_r09_the_live_contract_declares_its_own_chronology" time="0.001" /><testcase classname="stress-suite.tests.test_g8_contradiction" name="test_seeded_cross_machine_semantic_contradiction_is_detected" time="0.001" /><testcase classname="stress-suite.tests.test_g8_contradiction" name="test_the_projection_adapters_refuse_a_sealed_truth_trace" time="0.000" /><testcase classname="stress-suite.tests.test_g8_contradiction" name="test_the_pre_repair_red_transcript_still_reproduces_every_finding" time="11.904" /><testcase classname="stress-suite.tests.test_g8_contradiction" name="test_the_red_transcript_artifact_on_disk_matches_the_harness" time="12.098" /><testcase classname="stress-suite.tests.test_g8_contradiction" name="test_the_arch_red_transcript_still_reproduces_every_finding" time="6.190" /><testcase classname="stress-suite.tests.test_g8_contradiction" name="test_the_arch_red_transcript_artifact_on_disk_matches_the_harness" time="6.671" /><testcase classname="stress-suite.tests.test_g8_contradiction" name="test_no_exit_status_is_published_because_none_can_be_observed" time="0.005" /><testcase classname="stress-suite.tests.test_g8_contradiction" name="test_a_closure_row_can_only_cite_evidence_that_is_red_at_the_head_it_names" time="0.091" /><testcase classname="stress-suite.tests.test_g8_contradiction" name="test_the_row_resolver_derives_each_row_exactly_once" time="0.011" /><testcase classname="stress-suite.tests.test_g8_contradiction" name="test_the_canonical_rule_name_resolves_to_its_declared_definition_and_pinned_fingerprint" time="0.001" /><testcase classname="stress-suite.tests.test_g8_contradiction" name="test_f1_the_gate_refuses_a_baseline_bound_to_a_different_tree" time="0.022" /><testcase classname="stress-suite.tests.test_g8_contradiction" name="test_f2_a_required_property_that_never_holds_blocks_closure" time="0.030" /><testcase classname="stress-suite.tests.test_g8_contradiction" name="test_r07_the_artifact_must_live_inside_the_declared_tree" time="0.069" /><testcase classname="stress-suite.tests.test_g8_contradiction" name="test_r07_the_emitter_refuses_an_artifact_outside_the_declared_tree" time="0.036" /><testcase classname="stress-suite.tests.test_g8_contradiction" name="test_r07_the_emitted_citation_resolves_in_tree_and_matches_the_bytes" time="4.395" /><testcase classname="stress-suite.tests.test_g8_contradiction" name="test_r07_raw_and_canonical_artifact_digests_are_distinct_and_declared" time="0.049" /><testcase classname="stress-suite.tests.test_g8_contradiction" name="test_r07_the_authoritative_command_writes_the_cited_artifact_path" time="0.001" /><testcase classname="stress-suite.tests.test_g8_contradiction" name="test_the_tested_tree_is_derived_from_git_not_declared_by_hand" time="0.703" /><testcase classname="stress-suite.tests.test_g8_contradiction" name="test_the_tested_tree_has_exactly_one_implementation" time="0.003" /><testcase classname="stress-suite.tests.test_g8_contradiction" name="test_the_emitter_holds_no_hand_typed_tested_tree" time="0.036" /><testcase classname="stress-suite.tests.test_g8_contradiction" name="test_the_lag_rule_detects_a_lagging_tree_and_accepts_a_current_one" time="0.036" /><testcase classname="stress-suite.tests.test_g8_contradiction" name="test_the_committed_package_names_the_derived_code_tree" time="0.001"><skipped type="pytest.skip" message="artifact-producing run: the archive for this tree cannot exist yet, so a lag is expected here and is checked by every ordinary run (and by test_the_lag_rule_detects_a_lagging_tree_...)">C:\Users\wifik\Desktop\larger-lab-stress-suite\stress-suite\tests\test_g8_contradiction.py:1933: artifact-producing run: the archive for this tree cannot exist yet, so a lag is expected here and is checked by every ordinary run (and by test_the_lag_rule_detects_a_lagging_tree_...)</skipped></testcase><testcase classname="stress-suite.tests.test_g8_contradiction" name="test_the_committed_citation_still_matches_the_bytes_it_cites" time="0.093" /><testcase classname="stress-suite.tests.test_g8_contradiction" name="test_a_rewritten_artifact_is_a_stale_citation" time="0.175" /><testcase classname="stress-suite.tests.test_g8_contradiction" name="test_a_citation_recorded_against_another_tree_blocks_the_gate" time="0.006" /><testcase classname="stress-suite.tests.test_g8_contradiction" name="test_a_verifying_citation_keeps_the_gate_passing" time="0.017" /><testcase classname="stress-suite.tests.test_g8_contradiction" name="test_no_verification_input_can_be_omitted_or_left_empty" time="0.002" /><testcase classname="stress-suite.tests.test_g8_contradiction" name="test_emit_publishes_a_citation_check_it_re_derived" time="4.484" /><testcase classname="stress-suite.tests.test_independence" name="test_correlated_swarm_raw_vs_lineages" time="0.001" /><testcase classname="stress-suite.tests.test_independence" name="test_vector_preserved_all_dimensions" time="0.001" /><testcase classname="stress-suite.tests.test_independence" name="test_invalid_grade_rejected" time="0.001" /><testcase classname="stress-suite.tests.test_independence" name="test_allocator_origin_observable" time="0.001" /><testcase classname="stress-suite.tests.test_independence" name="test_experimental_summary_non_authoritative" time="0.001" /><testcase classname="stress-suite.tests.test_lifecycle_machine" name="test_happy_path_to_active" time="0.001" /><testcase classname="stress-suite.tests.test_lifecycle_machine" name="test_demotion_then_dormant" time="0.001" /><testcase classname="stress-suite.tests.test_lifecycle_machine" name="test_dormant_to_active_forbidden" time="0.001" /><testcase classname="stress-suite.tests.test_lifecycle_machine" name="test_reactivation_requires_review_not_autopromotion" time="0.001" /><testcase classname="stress-suite.tests.test_lifecycle_machine" name="test_reactivated_to_active_forbidden" time="0.001" /><testcase classname="stress-suite.tests.test_lifecycle_machine" name="test_provenance_never_deleted" time="0.001" /><testcase classname="stress-suite.tests.test_lifecycle_machine" name="test_superseded_then_reopen" time="0.001" /><testcase classname="stress-suite.tests.test_lifecycle_machine" name="test_edge_table_replacement_preserves_history" time="0.001" /><testcase classname="stress-suite.tests.test_m4_m5_separation" name="test_phase_does_not_touch_lifecycle" time="0.001" /><testcase classname="stress-suite.tests.test_m4_m5_separation" name="test_lifecycle_does_not_touch_phase" time="0.001" /><testcase classname="stress-suite.tests.test_m4_m5_separation" name="test_m1_label_does_not_change_m4_or_authority" time="0.001" /><testcase classname="stress-suite.tests.test_m4_m5_separation" name="test_promotion_requires_evidence_m1" time="0.001" /><testcase classname="stress-suite.tests.test_negative_knowledge" name="test_reopenable_negative_knowledge_valid" time="0.001" /><testcase classname="stress-suite.tests.test_negative_knowledge" name="test_no_reopen_condition_blocks_suppression" time="0.001" /><testcase classname="stress-suite.tests.test_negative_knowledge" name="test_agent_cannot_make_permanent" time="0.001" /><testcase classname="stress-suite.tests.test_negative_knowledge" name="test_fake_operator_string_rejected" time="0.001" /><testcase classname="stress-suite.tests.test_negative_knowledge" name="test_operator_can_make_permanent" time="0.002" /><testcase classname="stress-suite.tests.test_negative_knowledge" name="test_permanence_records_authority_reference" time="0.001" /><testcase classname="stress-suite.tests.test_no_mutation_surface" name="test_no_banned_imports" time="0.021" /><testcase classname="stress-suite.tests.test_no_mutation_surface" name="test_no_dangerous_static_calls" time="0.012" /><testcase classname="stress-suite.tests.test_no_mutation_surface" name="test_no_secret_tokens" time="0.011" /><testcase classname="stress-suite.tests.test_phase_machine" name="test_legal_escalation_chain" time="0.001" /><testcase classname="stress-suite.tests.test_phase_machine" name="test_legal_transformation_episode_with_no_change" time="0.001" /><testcase classname="stress-suite.tests.test_phase_machine" name="test_plural_model_state_reachable" time="0.001" /><testcase classname="stress-suite.tests.test_phase_machine" name="test_stable_to_new_stable_forbidden" time="0.001" /><testcase classname="stress-suite.tests.test_phase_machine" name="test_escalation_review_to_window_forbidden" time="0.001" /><testcase classname="stress-suite.tests.test_phase_machine" name="test_watch_mutation_forbidden_by_rule_layer" time="0.001" /><testcase classname="stress-suite.tests.test_phase_machine" name="test_capital_never_from_phase" time="0.001" /><testcase classname="stress-suite.tests.test_phase_machine" name="test_unknown_authority_rejected" time="0.001" /><testcase classname="stress-suite.tests.test_phase_machine" name="test_decision_preserves_channel_vector" time="0.001" /><testcase classname="stress-suite.tests.test_replay" name="test_same_inputs_same_output" time="0.001" /><testcase classname="stress-suite.tests.test_replay" name="test_out_of_order_rejected" time="0.005" /><testcase classname="stress-suite.tests.test_replay" name="test_illegal_events_recorded_not_applied" time="0.001" /><testcase classname="stress-suite.tests.test_replay" name="test_smoke_legal_fixture" time="0.001" /><testcase classname="stress-suite.tests.test_replay" name="test_smoke_illegal_fixture_blocks" time="0.001" /><testcase classname="stress-suite.tests.test_replay" name="test_smoke_reactivation" time="0.001" /><testcase classname="stress-suite.tests.test_scenario_runner" name="test_contract_frozen_and_meta_recorded_before_first_decision" time="0.001" /><testcase classname="stress-suite.tests.test_scenario_runner" name="test_expected_trace_sealed_metamorphic" time="0.002" /><testcase classname="stress-suite.tests.test_scenario_runner" name="test_hidden_ground_truth_sealed_metamorphic" time="0.002" /><testcase classname="stress-suite.tests.test_scenario_runner" name="test_decision_view_strips_expectations_and_ground_truth" time="0.001" /><testcase classname="stress-suite.tests.test_scenario_runner" name="test_weak_evidence_holds_stable" time="0.002" /><testcase classname="stress-suite.tests.test_scenario_runner" name="test_evidence_derives_watch_then_escalation" time="0.001" /><testcase classname="stress-suite.tests.test_scenario_runner" name="test_institutional_action_executed_through_governed_executor" time="0.002" /><testcase classname="stress-suite.tests.test_scenario_runner" name="test_institutional_action_unknown_actor_fails_closed" time="0.001" /><testcase classname="stress-suite.tests.test_scenario_runner" name="test_forbidden_mutation_class_recorded_not_applied" time="0.001" /><testcase classname="stress-suite.tests.test_scenario_runner" name="test_runner_phase_driver_bound_to_governor_role" time="0.001" /><testcase classname="stress-suite.tests.test_scenario_runner" name="test_run_is_deterministic" time="0.002" /><testcase classname="stress-suite.tests.test_schema_roundtrip" name="test_evidence_roundtrip" time="0.008" /><testcase classname="stress-suite.tests.test_schema_roundtrip" name="test_knowledge_roundtrip" time="0.005" /><testcase classname="stress-suite.tests.test_schema_roundtrip" name="test_independence_roundtrip" time="0.007" /><testcase classname="stress-suite.tests.test_schema_roundtrip" name="test_negative_knowledge_roundtrip" time="0.011" /><testcase classname="stress-suite.tests.test_schema_roundtrip" name="test_unresolved_roundtrip" time="0.010" /><testcase classname="stress-suite.tests.test_schema_roundtrip" name="test_epoch_roundtrip" time="0.017" /><testcase classname="stress-suite.tests.test_schema_roundtrip" name="test_eval_contract_roundtrip" time="0.006" /><testcase classname="stress-suite.tests.test_schema_roundtrip" name="test_scenario_spec_roundtrip" time="0.011" /><testcase classname="stress-suite.tests.test_unresolved" name="test_unresolved_pattern_has_no_closest_category" time="0.001" /><testcase classname="stress-suite.tests.test_unresolved" name="test_unresolved_governance_event_has_no_channel_requirement" time="0.001" /><testcase classname="stress-suite.tests.test_unresolved" name="test_exact_observation_survives" time="0.001" /></testsuite></testsuites>