<?xml version="1.0" encoding="utf-8"?><testsuites name="pytest tests"><testsuite name="pytest" errors="0" failures="0" skipped="0" tests="150" time="204.559" timestamp="2026-08-30T12:30:25.902468+00:00" hostname="runnervmgx7h7"><testcase classname="infrastructure.local-ground.tests.test_local_ground" name="test_01_fresh_local_bootstrap_succeeds" time="6.133" /><testcase classname="infrastructure.local-ground.tests.test_local_ground" name="test_02_repeated_bootstrap_is_idempotent" time="0.355" /><testcase classname="infrastructure.local-ground.tests.test_local_ground" name="test_03_services_reach_health_or_unknown" time="13.517" /><testcase classname="infrastructure.local-ground.tests.test_local_ground" name="test_04_postgres_state_survives_service_restart" time="12.818" /><testcase classname="infrastructure.local-ground.tests.test_local_ground" name="test_05_postgres_state_survives_compose_restart" time="13.312" /><testcase classname="infrastructure.local-ground.tests.test_local_ground" name="test_06_isolated_redis_loss_preserves_postgres_truth" time="9.902" /><testcase classname="infrastructure.local-ground.tests.test_local_ground" name="test_07_artifact_round_trip_preserves_hashes" time="0.001" /><testcase classname="infrastructure.local-ground.tests.test_local_ground" name="test_08_backup_completes" time="0.098" /><testcase classname="infrastructure.local-ground.tests.test_local_ground" name="test_09_clean_room_local_restore_succeeds" time="0.177" /><testcase classname="infrastructure.local-ground.tests.test_local_ground" name="test_10_restore_meets_declared_recovery_targets" time="0.234" /><testcase classname="infrastructure.local-ground.tests.test_local_ground" name="test_11_corrupt_backup_is_rejected" time="0.122" /><testcase classname="infrastructure.local-ground.tests.test_local_ground" name="test_12_missing_required_configuration_fails_closed" time="0.019" /><testcase classname="infrastructure.local-ground.tests.test_local_ground" name="test_13_missing_optional_cloud_config_does_not_block_local_mode" time="0.028" /><testcase classname="infrastructure.local-ground.tests.test_local_ground" name="test_14_local_worker_admission_succeeds" time="0.030" /><testcase classname="infrastructure.local-ground.tests.test_local_ground" name="test_15_unauthorized_worker_is_rejected" time="0.029" /><testcase classname="infrastructure.local-ground.tests.test_local_ground" name="test_16_logs_are_structured" time="0.028" /><testcase classname="infrastructure.local-ground.tests.test_local_ground" name="test_17_missing_telemetry_renders_unknown_not_healthy" time="0.098" /><testcase classname="infrastructure.local-ground.tests.test_local_ground" name="test_18_local_shutdown_is_safe" time="10.020" /><testcase classname="infrastructure.local-ground.tests.test_local_ground" name="test_19_repeated_runs_are_isolated" time="0.207" /><testcase classname="infrastructure.local-ground.tests.test_local_ground" name="test_20_secret_scan_passes" time="0.002" /><testcase classname="infrastructure.local-ground.tests.test_local_ground" name="test_repository_identity_has_no_typo" time="0.010" /><testcase classname="infrastructure.local-ground.tests.test_local_ground" name="test_21_repository_remains_clean" time="0.010" /><testcase classname="infrastructure.local-ground.tests.test_local_ground" name="test_22_no_public_application_port_unintentionally_exposed" time="0.000" /><testcase classname="infrastructure.local-ground.tests.test_local_ground" name="test_23_cloud_plan_produces_deterministic_output" time="0.051" /><testcase classname="infrastructure.local-ground.tests.test_local_ground" name="test_24_cloud_plan_performs_zero_cloud_mutations" time="0.025" /><testcase classname="infrastructure.local-ground.tests.test_local_ground" name="test_25_cloud_apply_fails_without_authorization" time="0.054" /><testcase classname="infrastructure.local-ground.tests.test_local_ground" name="test_26_local_runtime_works_after_failed_cloud_plan" time="0.081" /><testcase classname="infrastructure.local-ground.tests.test_local_ground" name="test_27_windows_wsl2_path_handling_detected" time="0.484" /><testcase classname="infrastructure.local-ground.tests.test_local_ground" name="test_28_cleanup_removes_disposable_test_resources" time="0.001" /><testcase classname="infrastructure.local-ground.tests.test_local_ground" name="test_29_evidence_hashes_reconcile" time="0.001" /><testcase classname="infrastructure.local-ground.tests.test_local_ground" name="test_30_documented_operator_walkthrough_passes" time="0.533" /><testcase classname="infrastructure.local-ground.tests.test_contracts" name="test_local_ground_contract_matches_schema" time="0.001" /><testcase classname="infrastructure.local-ground.tests.test_contracts" name="test_runtime_profile_schema_accepts_local" time="0.000" /><testcase classname="infrastructure.local-ground.tests.test_contracts" name="test_runtime_profile_schema_rejects_unhardened_cloud" time="0.000" /><testcase classname="infrastructure.local-ground.tests.test_contracts" name="test_deployment_target_schema_accepts_authorized_apply_and_readonly_plan" time="0.001" /><testcase classname="infrastructure.local-ground.tests.test_contracts" name="test_deployment_target_schema_rejects_mutating_plan_and_no_cost_apply" time="0.001" /><testcase classname="infrastructure.local-ground.tests.test_contracts" name="test_frozen_contract_enforces_deferral" time="0.000" /><testcase classname="infrastructure.local-ground.tests.test_contracts" name="test_no_provider_hardcoded_in_domain_logic" time="0.000" /><testcase classname="infrastructure.local-ground.tests.test_container_lifecycle" name="test_ctl_compose_config_validates" time="0.073" /><testcase classname="infrastructure.local-ground.tests.test_container_lifecycle" name="test_ctl_images_are_pinned" time="0.001" /><testcase classname="infrastructure.local-ground.tests.test_container_lifecycle" name="test_ctl_all_services_healthy" time="3.103" /><testcase classname="infrastructure.local-ground.tests.test_container_lifecycle" name="test_ctl_prometheus_readiness_endpoint" time="3.115" /><testcase classname="infrastructure.local-ground.tests.test_container_lifecycle" name="test_ctl_invalid_prometheus_config_fails_closed" time="27.555" /><testcase classname="infrastructure.local-ground.tests.test_container_lifecycle" name="test_ctl_no_forbidden_public_ports" time="0.077" /><testcase classname="infrastructure.local-ground.tests.test_container_lifecycle" name="test_ctl_postgres_authoritative_row_survives_restart" time="12.692" /><testcase classname="infrastructure.local-ground.tests.test_container_lifecycle" name="test_ctl_artifact_round_trip_against_live_store" time="0.029" /><testcase classname="infrastructure.local-ground.tests.test_container_lifecycle" name="test_ctl_clean_room_database_artifact_restore" time="22.595" /><testcase classname="infrastructure.local-ground.tests.test_container_lifecycle" name="test_ctl_full_replace_into_populated_target" time="16.639" /><testcase classname="infrastructure.local-ground.tests.test_container_lifecycle" name="test_ctl_post_promotion_failure_rolls_back_original" time="7.176" /><testcase classname="infrastructure.local-ground.tests.test_container_lifecycle" name="test_ctl_rollback_failure_returns_nonzero_and_preserves_evidence" time="6.585" /><testcase classname="infrastructure.local-ground.tests.test_container_lifecycle" name="test_ctl_redis_invalidation_failure_blocks_success" time="16.266" /><testcase classname="infrastructure.local-ground.tests.test_container_lifecycle" name="test_ctl_corrupt_backup_rejected_against_running_stack" time="1.505" /><testcase classname="infrastructure.local-ground.tests.test_container_lifecycle" name="test_ctl_structured_logs_use_json_file_driver" time="0.032" /><testcase classname="infrastructure.local-ground.tests.test_container_lifecycle" name="test_ctl_safe_shutdown_and_verified_cleanup" time="10.008" /><testcase classname="infrastructure.local-ground.tests.test_gate_regressions" name="test_gate_passes_on_valid_package" time="0.141" /><testcase classname="infrastructure.local-ground.tests.test_gate_regressions" name="test_verify_passes_on_valid_package" time="0.209" /><testcase classname="infrastructure.local-ground.tests.test_gate_regressions" name="test_gate_rejects_wrong_repository" time="0.145" /><testcase classname="infrastructure.local-ground.tests.test_gate_regressions" name="test_gate_rejects_repository_typo" time="0.141" /><testcase classname="infrastructure.local-ground.tests.test_gate_regressions" name="test_gate_rejects_wrong_branch" time="0.166" /><testcase classname="infrastructure.local-ground.tests.test_gate_regressions" name="test_gate_rejects_wrong_commit" time="0.156" /><testcase classname="infrastructure.local-ground.tests.test_gate_regressions" name="test_gate_rejects_wrong_tree" time="0.138" /><testcase classname="infrastructure.local-ground.tests.test_gate_regressions" name="test_gate_rejects_mixed_run_id" time="0.140" /><testcase classname="infrastructure.local-ground.tests.test_gate_regressions" name="test_gate_rejects_missing_trusted_ci_identity" time="0.138" /><testcase classname="infrastructure.local-ground.tests.test_gate_regressions" name="test_gate_rejects_malformed_json" time="0.111" /><testcase classname="infrastructure.local-ground.tests.test_gate_regressions" name="test_gate_rejects_missing_required_artifact" time="0.140" /><testcase classname="infrastructure.local-ground.tests.test_gate_regressions" name="test_gate_rejects_stale_manifest" time="0.138" /><testcase classname="infrastructure.local-ground.tests.test_gate_regressions" name="test_gate_rejects_tampered_hash" time="0.142" /><testcase classname="infrastructure.local-ground.tests.test_gate_regressions" name="test_gate_rejects_incorrect_size" time="0.145" /><testcase classname="infrastructure.local-ground.tests.test_gate_regressions" name="test_gate_rejects_skipped_mandatory_test_in_ci" time="0.145" /><testcase classname="infrastructure.local-ground.tests.test_gate_regressions" name="test_gate_rejects_unexecuted_container_test_in_ci" time="0.144" /><testcase classname="infrastructure.local-ground.tests.test_gate_regressions" name="test_gate_rejects_mismatched_test_totals" time="0.144" /><testcase classname="infrastructure.local-ground.tests.test_gate_regressions" name="test_gate_rejects_false_adversarial_total" time="0.145" /><testcase classname="infrastructure.local-ground.tests.test_gate_regressions" name="test_gate_rejects_adversarial_failure" time="0.143" /><testcase classname="infrastructure.local-ground.tests.test_gate_regressions" name="test_gate_rejects_cloud_apply_zero_exit" time="0.141" /><testcase classname="infrastructure.local-ground.tests.test_gate_regressions" name="test_gate_rejects_wrong_cloud_denial_code" time="0.139" /><testcase classname="infrastructure.local-ground.tests.test_gate_regressions" name="test_gate_rejects_cloud_plan_mutation" time="0.138" /><testcase classname="infrastructure.local-ground.tests.test_gate_regressions" name="test_gate_rejects_cloud_cost_not_zero" time="0.138" /><testcase classname="infrastructure.local-ground.tests.test_gate_regressions" name="test_gate_rejects_cloud_not_deferred" time="0.140" /><testcase classname="infrastructure.local-ground.tests.test_gate_regressions" name="test_gate_rejects_dirty_source_before" time="0.140" /><testcase classname="infrastructure.local-ground.tests.test_gate_regressions" name="test_gate_rejects_dirty_source_after" time="0.141" /><testcase classname="infrastructure.local-ground.tests.test_gate_regressions" name="test_gate_rejects_cleanup_failure" time="0.141" /><testcase classname="infrastructure.local-ground.tests.test_gate_regressions" name="test_verify_rejects_post_gate_status_mutation" time="0.210" /><testcase classname="infrastructure.local-ground.tests.test_gate_regressions" name="test_verify_rejects_post_gate_log_mutation" time="0.205" /><testcase classname="infrastructure.local-ground.tests.test_gate_regressions" name="test_verify_rejects_missing_independent_gate_artifact" time="0.176" /><testcase classname="infrastructure.local-ground.tests.test_gate_regressions" name="test_verify_rejects_tampered_final_artifact" time="0.204" /><testcase classname="infrastructure.local-ground.tests.test_gate_regressions" name="test_ci_workflow_uses_shared_runner" time="0.000" /><testcase classname="infrastructure.local-ground.tests.test_gate_regressions" name="test_ci_dependencies_are_pinned" time="0.000" /><testcase classname="infrastructure.local-ground.tests.test_gate_regressions" name="test_gate_rejects_missing_operation_index" time="0.139" /><testcase classname="infrastructure.local-ground.tests.test_gate_regressions" name="test_gate_rejects_latest_only_without_index" time="0.139" /><testcase classname="infrastructure.local-ground.tests.test_gate_regressions" name="test_gate_rejects_tampered_indexed_receipt" time="0.141" /><testcase classname="infrastructure.local-ground.tests.test_gate_regressions" name="test_gate_rejects_missing_indexed_receipt" time="0.140" /><testcase classname="infrastructure.local-ground.tests.test_gate_regressions" name="test_gate_rejects_missing_rollback_operation" time="0.140" /><testcase classname="infrastructure.local-ground.tests.test_gate_regressions" name="test_gate_rejects_redis_not_invalidated" time="0.141" /><testcase classname="infrastructure.local-ground.tests.test_gate_regressions" name="test_gate_rejects_fingerprints_missing" time="0.141" /><testcase classname="infrastructure.local-ground.tests.test_gate_regressions" name="test_gate_rejects_unavailable_service_test_skipped" time="0.147" /><testcase classname="infrastructure.local-ground.tests.test_gate_regressions" name="test_gate_rejects_invalid_rollback_syntax" time="0.176" /><testcase classname="infrastructure.local-ground.tests.test_gate_regressions" name="test_gate_rejects_ci_skips_even_with_green_totals" time="0.141" /><testcase classname="infrastructure.local-ground.tests.test_compose_output" name="test_parses_json_array" time="0.000" /><testcase classname="infrastructure.local-ground.tests.test_compose_output" name="test_parses_single_json_object" time="0.000" /><testcase classname="infrastructure.local-ground.tests.test_compose_output" name="test_parses_ndjson_lines" time="0.000" /><testcase classname="infrastructure.local-ground.tests.test_compose_output" name="test_parses_empty_output" time="0.000" /><testcase classname="infrastructure.local-ground.tests.test_compose_output" name="test_rejects_malformed_output" time="0.000" /><testcase classname="infrastructure.local-ground.tests.test_compose_output" name="test_rejects_incomplete_array" time="0.000" /><testcase classname="infrastructure.local-ground.tests.test_compose_output" name="test_rejects_malformed_ndjson_line" time="0.000" /><testcase classname="infrastructure.local-ground.tests.test_compose_output" name="test_rejects_non_object_array_entry" time="0.000" /><testcase classname="infrastructure.local-ground.tests.test_compose_output" name="test_published_ports_detected" time="0.000" /><testcase classname="infrastructure.local-ground.tests.test_compose_output" name="test_legacy_ports_string_detected" time="0.000" /><testcase classname="infrastructure.local-ground.tests.test_portability" name="test_scripts_have_executable_git_modes" time="0.002" /><testcase classname="infrastructure.local-ground.tests.test_portability" name="test_ctl_works_from_working_dir_outside_repo" time="0.188" /><testcase classname="infrastructure.local-ground.tests.test_backup_hardening" name="test_restore_accepts_pristine_backup" time="0.072" /><testcase classname="infrastructure.local-ground.tests.test_backup_hardening" name="test_restore_rejects_missing_manifest_file" time="0.008" /><testcase classname="infrastructure.local-ground.tests.test_backup_hardening" name="test_restore_rejects_absolute_manifest_path" time="0.014" /><testcase classname="infrastructure.local-ground.tests.test_backup_hardening" name="test_restore_rejects_parent_traversal_manifest_path" time="0.014" /><testcase classname="infrastructure.local-ground.tests.test_backup_hardening" name="test_restore_rejects_duplicate_manifest_path" time="0.018" /><testcase classname="infrastructure.local-ground.tests.test_backup_hardening" name="test_restore_rejects_malformed_manifest_line" time="0.014" /><testcase classname="infrastructure.local-ground.tests.test_backup_hardening" name="test_restore_rejects_backup_without_protected_metadata" time="0.018" /><testcase classname="infrastructure.local-ground.tests.test_backup_hardening" name="test_restore_rejects_tampered_metadata_hash" time="0.023" /><testcase classname="infrastructure.local-ground.tests.test_backup_hardening" name="test_restore_rejects_unsafe_artifact_member" time="0.110" /><testcase classname="infrastructure.local-ground.tests.test_backup_hardening" name="test_unknown_backup_scope_fails_closed" time="0.007" /><testcase classname="infrastructure.local-ground.tests.test_backup_hardening" name="test_backup_requires_scope" time="0.005" /><testcase classname="infrastructure.local-ground.tests.test_backup_hardening" name="test_unknown_restore_mode_fails_closed" time="0.007" /><testcase classname="infrastructure.local-ground.tests.test_backup_hardening" name="test_full_backup_blocked_without_docker_or_services" time="0.072" /><testcase classname="infrastructure.local-ground.tests.test_backup_hardening" name="test_full_backup_blocked_when_postgres_unavailable" time="0.076" /><testcase classname="infrastructure.local-ground.tests.test_backup_hardening" name="test_full_backup_blocked_when_artifact_store_unavailable" time="0.079" /><testcase classname="infrastructure.local-ground.tests.test_backup_hardening" name="test_state_only_backup_still_works_without_docker" time="0.158" /><testcase classname="infrastructure.local-ground.tests.test_backup_hardening" name="test_state_only_backup_never_claims_disaster_recovery" time="0.002" /><testcase classname="infrastructure.local-ground.tests.test_backup_hardening" name="test_full_backup_cannot_use_state_only_restore" time="0.079" /><testcase classname="infrastructure.local-ground.tests.test_backup_hardening" name="test_state_only_backup_cannot_use_full_replace_restore" time="0.064" /><testcase classname="infrastructure.local-ground.tests.test_backup_hardening" name="test_full_replace_requires_confirm_local_target" time="0.079" /><testcase classname="infrastructure.local-ground.tests.test_backup_hardening" name="test_full_replace_rejects_wrong_local_target" time="0.079" /><testcase classname="infrastructure.local-ground.tests.test_backup_hardening" name="test_incomplete_full_backup_rejected" time="0.220" /><testcase classname="infrastructure.local-ground.tests.test_backup_hardening" name="test_inventory_verification_pure" time="0.006" /><testcase classname="infrastructure.local-ground.tests.test_backup_hardening" name="test_sha256_file_is_deterministic" time="0.006" /><testcase classname="infrastructure.local-ground.tests.test_backup_hardening" name="test_pg_recovery_source_has_no_invalid_database_syntax" time="0.000" /><testcase classname="infrastructure.local-ground.tests.test_backup_hardening" name="test_promote_phase_prefix_is_valid" time="0.006" /><testcase classname="infrastructure.local-ground.tests.test_backup_hardening" name="test_finalize_phase_prefix_is_valid" time="0.006" /><testcase classname="infrastructure.local-ground.tests.test_backup_hardening" name="test_rollback_receipt_truthfulness_contract" time="0.006" /><testcase classname="infrastructure.local-ground.tests.test_backup_hardening" name="test_recovery_succeeded_never_overrides_failed_invariant" time="0.006" /><testcase classname="infrastructure.local-ground.tests.test_backup_hardening" name="test_fingerprint_mismatch_rejected_despite_matching_counts" time="0.006" /><testcase classname="infrastructure.local-ground.tests.test_backup_hardening" name="test_value_altered_after_staging_verification_is_caught" time="0.006" /><testcase classname="infrastructure.local-ground.tests.test_backup_hardening" name="test_row_count_only_receipt_is_rejected" time="0.006" /><testcase classname="infrastructure.local-ground.tests.test_backup_hardening" name="test_inventory_fingerprint_tamper_rejected" time="0.006" /><testcase classname="infrastructure.local-ground.tests.test_backup_hardening" name="test_two_restores_preserve_two_receipt_sets" time="0.088" /><testcase classname="infrastructure.local-ground.tests.test_backup_hardening" name="test_later_operation_cannot_overwrite_earlier_evidence" time="0.059" /><testcase classname="infrastructure.local-ground.tests.test_backup_hardening" name="test_duplicate_operation_id_fails" time="0.057" /><testcase classname="infrastructure.local-ground.tests.test_backup_hardening" name="test_verify_detects_missing_indexed_receipt" time="0.057" /><testcase classname="infrastructure.local-ground.tests.test_backup_hardening" name="test_verify_detects_receipt_hash_mismatch" time="0.058" /><testcase classname="infrastructure.local-ground.tests.test_backup_hardening" name="test_collect_observed_fingerprints_decodes_bytes_stdout" time="0.006" /><testcase classname="infrastructure.local-ground.tests.test_backup_hardening" name="test_collect_observed_rows_decodes_bytes_stdout" time="0.006" /><testcase classname="infrastructure.local-ground.tests.test_backup_hardening" name="test_latest_pointer_is_not_authoritative" time="0.397" /></testsuite></testsuites>